2015/04/18 12:00	10.00		7.00
2015/04/18 18:00	14.00		9.00
2015/04/18 23:00	16.50		6.00
2015/04/19 17:11	19.49		11.47
2015/04/19 17:32	19.54		11.20
2015/04/19 17:40	19.55		11.49
2015/04/19 18:02	19.55		11.15
2015/04/19 18:10	19.59		11.30
2015/04/19 18:25	19.62		11.28
2015/04/19 19:23	19.89		10.40
2015/04/19 19:34	19.94		10.20
2015/04/19 19:40	19.97		10.10
2015/04/19 19:43	19.97		9.91
2015/04/19 20:01	20.09		9.70
2015/04/19 20:17	20.15		9.39
2015/04/19 20:32	20.20		9.25
2015/04/19 20:47	20.29		9.04
2015/04/19 21:02	20.36		9.25
2015/04/19 22:14	20.75		8.32
2015/04/19 22:17	20.76		8.24
2015/04/19 22:28	20.82		8.23
2015/04/19 22:43	20.91		8.38
2015/04/19 22:57	20.97		8.22
2015/04/19 23:12	21.04		8.02
2015/04/19 23:26	21.12		7.87
2015/04/19 23:40	21.20		7.92
2015/04/19 23:55	21.27		7.73
2015/04/20 00:09	21.33		7.72
2015/04/20 00:24	21.42		7.67
2015/04/20 00:38	21.49		7.73
2015/04/20 00:53	21.56		7.63
2015/04/20 01:07	21.64		7.57
2015/04/20 01:22	21.71		7.40
2015/04/20 01:36	21.79		7.19
2015/04/20 02:05	21.92		6.89
2015/04/20 02:20	22.02		6.86
2015/04/20 02:34	22.11		6.90
2015/04/20 02:49	22.17		6.79
2015/04/20 03:03	22.23		6.63
2015/04/20 03:18	22.34		6.44
2015/04/20 03:32	22.42		6.43
2015/04/20 03:47	22.52		6.30
2015/04/20 04:01	22.61		6.23
2015/04/20 04:15	22.69		6.20
2015/04/20 04:30	22.74		6.25
2015/04/20 04:44	22.87		6.33
2015/04/20 04:59	22.95		6.30
2015/04/20 05:13	23.05		6.31
2015/04/20 05:28	23.12		6.06
2015/04/20 05:42	23.20		6.03
2015/04/20 05:57	23.34		6.06
2015/04/20 06:11	23.42		6.14
2015/04/20 06:26	23.54		6.50
2015/04/20 06:40	23.65		6.77
2015/04/20 06:55	23.74		7.27
2015/04/20 07:09	23.88		7.63
2015/04/20 07:24	23.97		8.22
2015/04/20 07:38	24.11		8.72
2015/04/20 07:52	24.22		9.70
2015/04/20 08:02	24.31		9.69
2015/04/20 08:32	24.61		10.07
2015/04/20 09:02	24.92		10.11
2015/04/20 09:32	25.22		10.33
2015/04/20 10:02	25.57		7.57
2015/04/20 10:32	25.92		6.94
2015/04/20 11:03	26.24		5.99
2015/04/20 11:33	26.55		5.89
2015/04/20 12:03	26.84		6.18
2015/04/20 12:33	27.14		5.73
2015/04/20 13:33	27.74		6.63
2015/04/20 14:04	28.05		6.33
2015/04/20 14:34	28.37		6.55
2015/04/20 15:04	28.66		6.78
2015/04/20 15:34	28.97		7.08
2015/04/20 16:54	29.75		7.53
2015/04/20 17:27	30.04		7.62
2015/04/20 17:57	30.31		8.27
2015/04/20 18:27	30.61		8.89
2015/04/20 18:58	30.89		8.98
2015/04/20 19:28	31.19		9.05
2015/04/20 19:58	31.44		9.09
2015/04/20 20:28	31.69		9.00
2015/04/20 20:38	31.78		8.97
2015/04/20 21:07	32.04		8.97
2015/04/20 21:38	32.30		9.23
2015/04/20 22:08	32.55		8.97
2015/04/20 22:38	32.75		7.88
2015/04/20 23:08	33.00		7.97
2015/04/20 23:38	33.25		8.75
2015/04/21 00:08	33.45		8.23
2015/04/21 00:38	33.69		8.23
2015/04/21 01:09	33.93		7.94
2015/04/21 01:39	34.13		8.16
2015/04/21 02:09	34.30		8.33
2015/04/21 02:39	34.53		8.52
2015/04/21 03:09	34.75		8.89
2015/04/21 03:39	34.99		8.25
2015/04/21 04:10	35.25		7.98
2015/04/21 04:40	35.54		7.86
2015/04/21 05:10	35.79		8.43
2015/04/21 05:40	36.09		8.60
2015/04/21 06:10	36.41		8.62
2015/04/21 06:40	36.72		8.62
2015/04/21 07:11	37.02		8.85
2015/04/21 07:41	37.34		8.97
2015/04/21 08:11	37.63		9.16
2015/04/21 08:41	37.94		9.52
2015/04/21 09:11	38.19		10.03
2015/04/21 09:41	38.48		10.05
2015/04/21 10:11	38.74		9.88
2015/04/21 10:42	39.01		9.96
2015/04/21 11:12	39.31		10.03
2015/04/21 11:42	39.62		10.39
2015/04/21 12:12	39.92		9.95
2015/04/21 12:42	40.23		9.18
2015/04/21 13:12	40.52		8.23
2015/04/21 13:43	40.81		8.04
2015/04/21 14:13	41.07		9.68
2015/04/21 14:43	41.35		11.13
2015/04/21 15:13	41.66		11.64
2015/04/21 15:43	41.97		11.80
2015/04/21 16:13	42.31		11.88
2015/04/21 16:44	42.60		12.10
2015/04/21 17:14	42.93		11.45
2015/04/21 17:44	43.24		11.28
2015/04/21 18:14	43.55		11.37
2015/04/21 18:44	43.85		10.75
2015/04/21 19:14	44.13		10.57
2015/04/21 19:44	44.42		9.70
2015/04/21 20:07	44.62		9.35
2015/04/21 20:38	44.86		9.22
2015/04/21 21:08	45.13		8.98
2015/04/21 21:38	45.39		8.90
2015/04/21 22:08	45.63		8.41
2015/04/21 22:38	45.89		8.62
2015/04/21 23:08	46.11		7.85
2015/04/21 23:39	46.37		7.69
2015/04/22 00:09	46.61		7.43
2015/04/22 00:39	46.85		7.15
2015/04/22 01:09	47.12		6.98
2015/04/22 01:39	47.38		6.76
2015/04/22 02:09	47.66		6.74
2015/04/22 02:39	47.97		6.96
2015/04/22 03:10	48.22		6.60
2015/04/22 03:40	48.48		6.51
2015/04/22 04:10	48.77		6.50
2015/04/22 04:40	49.05		6.58
2015/04/22 05:10	49.31		6.32
2015/04/22 05:40	49.62		6.20
2015/04/22 06:11	49.93		6.05
2015/04/22 06:41	50.22		6.64
2015/04/22 07:11	50.53		7.61
2015/04/22 07:41	50.86		9.50
2015/04/22 08:11	51.19		9.25
2015/04/22 08:41	51.56		8.95
2015/04/22 09:11	51.86		10.77
2015/04/22 09:42	52.17		9.82
2015/04/22 10:12	52.44		9.32
2015/04/22 10:42	52.62		7.99
2015/04/22 11:12	52.79		7.97
2015/04/22 11:42	52.87		10.29
2015/04/22 12:12	53.02		10.98
2015/04/22 12:43	53.25		11.08
2015/04/22 13:13	53.49		12.02
2015/04/22 13:43	53.66		10.85
2015/04/22 14:13	53.81		10.43
2015/04/22 14:43	53.88		10.28
2015/04/22 15:13	53.88		8.98
2015/04/22 15:44	53.92		9.65
2015/04/22 16:14	54.03		9.15
2015/04/22 16:32	54.10		7.79
2015/04/22 16:47	54.19		7.59
2015/04/22 17:02	54.20		7.58
2015/04/22 17:18	54.25		7.30
2015/04/22 17:33	54.31		6.68
2015/04/22 17:48	54.32		6.95
2015/04/22 18:03	54.31		6.91
2015/04/22 18:18	54.35		7.14
2015/04/22 18:33	54.40		6.77
2015/04/22 18:48	54.41		6.97
2015/04/22 19:04	54.42		7.23
2015/04/22 19:19	54.45	Brassage	7.19
2015/04/22 20:04	35.77		8.05
2015/04/22 20:19	36.91		8.03
2015/04/22 20:34	37.68		7.43
2015/04/22 21:05	38.82		6.81
2015/04/22 21:17	39.20		6.69
2015/04/22 21:47	40.16		5.92
2015/04/22 22:17	41.17		5.40
2015/04/22 23:18	43.67		6.20
2015/04/22 23:48	45.21		6.32
2015/04/23 00:18	46.92		6.48
2015/04/23 00:48	48.70		6.39
2015/04/23 01:18	50.55		6.30
2015/04/23 01:48	52.41		5.81
2015/04/23 02:18	54.17		5.45
2015/04/23 02:49	55.77		5.20
2015/04/23 03:19	57.25		5.14
2015/04/23 03:49	58.64		4.95
2015/04/23 04:19	59.94		4.85
2015/04/23 04:49	61.11		5.27
2015/04/23 05:19	62.08		5.27
2015/04/23 05:50	62.85		4.87
2015/04/23 06:20	63.51		4.77
2015/04/23 06:50	64.06		4.13
2015/04/23 07:20	64.50		3.62
2015/04/23 07:50	64.81		3.75
2015/04/23 08:20	65.13		3.55
2015/04/23 08:51	65.35		3.62
2015/04/23 09:21	65.43		3.42
2015/04/23 09:51	65.56		4.34
2015/04/23 10:21	65.53		5.85
2015/04/23 10:51	65.77		7.06
2015/04/23 11:21	65.82		9.22
2015/04/23 11:52	66.07		7.29
2015/04/23 12:22	66.32		7.58
2015/04/23 12:52	66.36		9.55
2015/04/23 13:22	66.19		11.47
2015/04/23 13:52	66.34		8.51
2015/04/23 14:22	66.42		8.68
2015/04/23 14:52	66.33		9.78
2015/04/23 15:23	66.42		9.17
2015/04/23 15:53	66.49		8.24
2015/04/23 16:23	66.69		8.26
2015/04/23 16:53	66.76		8.17
2015/04/23 17:23	66.90		7.86
2015/04/23 17:53	67.01		7.52
2015/04/23 18:24	67.06		6.83
2015/04/23 18:54	67.15		6.83
2015/04/23 19:24	67.23		6.70
2015/04/23 19:54	67.38		6.76
2015/04/23 20:24	67.48		5.74
2015/04/23 20:40	67.52	Brassage (trop chaud!)	5.01
2015/04/23 21:20	47.18		4.76
2015/04/23 21:33	47.23		4.90
2015/04/23 22:03	48.81		4.68
2015/04/23 22:33	51.41		4.50
2015/04/23 23:03	54.11		4.72
2015/04/23 23:33	56.59		4.40
2015/04/24 00:03	58.79		4.13
2015/04/24 00:34	60.31		4.00
2015/04/24 01:04	61.23		3.54
2015/04/24 01:34	61.74		3.16
2015/04/24 02:04	62.17		3.37
2015/04/24 02:34	62.26		3.01
2015/04/24 03:04	61.94		2.67
2015/04/24 03:35	61.62		2.37
2015/04/24 04:05	60.98		2.06
2015/04/24 04:35	59.93		1.87
2015/04/24 05:05	58.79		1.45
2015/04/24 05:35	58.12		1.26
2015/04/24 06:05	57.15		1.54
2015/04/24 06:36	56.20		1.66
2015/04/24 07:06	54.93		1.55
2015/04/24 07:36	54.69		1.83
2015/04/24 08:06	53.99		2.17
2015/04/24 08:36	54.05		2.49
2015/04/24 09:06	53.99		2.97
2015/04/24 09:36	53.31		2.92
2015/04/24 10:07	53.81		3.24
2015/04/24 10:37	53.24		3.12
2015/04/24 11:07	51.96		3.47
2015/04/24 11:37	51.20		4.04
2015/04/24 12:07	50.59		4.11
2015/04/24 12:37	49.80		4.13
2015/04/24 13:08	49.12		4.98
2015/04/24 13:38	49.11		5.25
2015/04/24 14:08	49.45		5.19
2015/04/24 14:38	48.61		4.53
2015/04/24 15:08	47.31		5.21
2015/04/24 15:17	47.44	Brassage (+ eau)	5.44
2015/04/24 16:14	34.22		5.00
2015/04/24 16:44	36.06		5.24
2015/04/24 17:14	37.65		4.81
2015/04/24 17:44	39.24		4.40
2015/04/24 18:14	40.79		4.01
2015/04/24 18:45	42.35		3.77
2015/04/24 19:15	43.81		3.46
2015/04/24 19:45	45.22		3.03
2015/04/24 20:15	46.56		2.83
2015/04/24 20:45	47.88		2.83
2015/04/24 21:15	49.19		2.86
2015/04/24 21:46	50.42		2.85
2015/04/24 22:16	51.55		2.57
2015/04/24 22:46	52.62		2.43
2015/04/24 23:16	53.60		2.35
2015/04/24 23:46	54.53		2.33
2015/04/25 00:16	55.38		2.34
2015/04/25 00:47	56.19		2.33
2015/04/25 01:17	56.91		2.17
2015/04/25 01:47	57.62		2.43
2015/04/25 02:17	58.17		2.14
2015/04/25 02:47	58.60		1.81
2015/04/25 03:17	59.07		1.93
2015/04/25 03:47	59.46		1.97
2015/04/25 04:18	59.83		1.95
2015/04/25 04:48	60.12		1.75
2015/04/25 05:18	60.37		1.77
2015/04/25 05:48	60.58		1.85
2015/04/25 06:18	60.79		1.86
2015/04/25 06:48	60.93		2.38
2015/04/25 07:19	61.12		3.04
2015/04/25 07:49	61.22		3.00
2015/04/25 08:19	61.39		4.76
2015/04/25 08:49	61.48		6.26
2015/04/25 09:05	61.55		7.02
2015/04/25 09:35	61.68		7.50
2015/04/25 10:05	61.79		6.63
2015/04/25 10:35	61.81		7.89
2015/04/25 11:05	61.88		13.65
2015/04/25 11:35	62.01		15.35
2015/04/25 12:05	62.14		10.74
2015/04/25 12:35	62.24		11.90
2015/04/25 13:05	62.29		11.64
2015/04/25 13:35	62.27		13.18
2015/04/25 14:05	62.31		11.17
2015/04/25 14:35	62.41		12.30
2015/04/25 15:05	62.39		11.46
2015/04/25 15:35	62.36		12.66
2015/04/25 16:05	62.44		11.48
2015/04/25 16:35	62.49		11.49
2015/04/25 17:05	62.60		11.88
2015/04/25 17:35	62.62		11.44
2015/04/25 18:05	62.74		11.56
2015/04/25 18:35	62.83		11.29
2015/04/25 19:05	62.99		10.96
2015/04/25 19:35	63.11		10.69
2015/04/25 20:05	63.23		10.49
2015/04/25 20:35	63.41		10.24
2015/04/25 21:05	63.50		10.02
2015/04/25 21:35	63.61		9.70
2015/04/25 22:05	63.68		9.52
2015/04/25 22:35	63.74		9.11
2015/04/25 23:05	63.80		8.88
2015/04/25 23:35	63.95		8.59
2015/04/26 00:05	63.93		7.95
2015/04/26 00:35	63.94		7.73
2015/04/26 01:05	63.95		7.52
2015/04/26 01:35	63.95		7.00
2015/04/26 02:04	63.99		6.65
2015/04/26 02:34	64.04		6.42
2015/04/26 03:04	64.05		6.04
2015/04/26 03:34	64.11		6.01
2015/04/26 04:04	64.17		6.08
2015/04/26 04:34	64.23		6.04
2015/04/26 05:04	64.25		5.69
2015/04/26 05:34	64.28		5.20
2015/04/26 06:04	64.31		5.08
2015/04/26 06:34	64.33		5.28
2015/04/26 07:04	64.37		5.54
2015/04/26 07:34	64.37		6.40
2015/04/26 08:04	64.32		8.23
2015/04/26 08:34	64.31		8.25
2015/04/26 09:04	64.31		11.08
2015/04/26 09:34	64.20		11.21
2015/04/26 10:04	64.16		13.47
2015/04/26 10:31	64.18		15.03
2015/04/26 11:01	64.22		12.69
2015/04/26 11:31	64.17		17.89
2015/04/26 12:01	64.25		15.19
2015/04/26 12:31	64.16		12.55
2015/04/26 13:01	64.13		12.02
2015/04/26 13:31	64.09		12.26
2015/04/26 14:01	64.10		13.23
2015/04/26 14:31	64.05		13.41
2015/04/26 15:01	64.01		15.03
2015/04/26 15:31	64.04		13.62
2015/04/26 16:01	64.05		14.26
2015/04/26 16:31	64.03		12.80
2015/04/26 17:01	64.04		12.86
2015/04/26 17:31	64.02		11.13
2015/04/26 18:01	64.04		9.71
2015/04/26 18:31	63.98		9.34
2015/04/26 19:01	63.93		8.43
2015/04/26 19:31	63.92		8.98
2015/04/26 20:01	63.88		9.23
2015/04/26 20:31	63.89		9.51
2015/04/26 21:01	63.97		9.14
2015/04/26 21:31	63.92		8.72
2015/04/26 22:01	63.94		8.36
2015/04/26 22:31	63.92		7.97
2015/04/26 23:01	63.83		7.70
2015/04/26 23:31	63.82		7.70
2015/04/27 00:01	63.77		7.52
2015/04/27 00:31	63.74		7.44
2015/04/27 01:01	63.69		7.12
2015/04/27 01:30	63.62		6.95
2015/04/27 02:00	63.60		6.85
2015/04/27 02:30	63.55		6.40
2015/04/27 03:00	63.47		6.02
2015/04/27 03:30	63.44		5.78
2015/04/27 04:00	63.34		5.83
2015/04/27 04:30	63.26		5.94
2015/04/27 05:00	63.19		5.75
2015/04/27 05:30	63.11		5.94
2015/04/27 06:00	63.05		5.99
2015/04/27 06:30	62.95		6.10
2015/04/27 07:00	62.85		6.25
2015/04/27 07:30	62.79		6.50
2015/04/27 08:00	62.69		6.84
2015/04/27 08:30	62.59		7.52
2015/04/27 09:00	62.49		8.05
2015/04/27 09:30	62.38		8.89
2015/04/27 10:00	62.24		9.58
2015/04/27 10:30	62.10		10.10
2015/04/27 11:00	61.95		9.85
2015/04/27 11:30	61.73		11.74
2015/04/27 12:00	61.42		11.36
2015/04/27 12:30	61.16		11.66
2015/04/27 13:00	60.93		11.75
2015/04/27 13:30	60.74		11.74
2015/04/27 14:00	60.55		12.24
2015/04/27 14:30	60.38		13.23
2015/04/27 15:00	60.23		14.46
2015/04/27 15:30	60.08		13.50
2015/04/27 16:00	59.99		13.67
2015/04/27 16:30	59.84		12.28
2015/04/27 17:00	59.74		13.75
2015/04/27 17:30	59.67		12.71
2015/04/27 18:00	59.67		13.05
2015/04/27 18:30	59.45		13.64
2015/04/27 19:00	59.19		13.29
2015/04/27 19:30	58.85		12.87
2015/04/27 20:00	58.51		12.77
2015/04/27 20:30	58.19		12.44
2015/04/27 20:59	58.17		11.88
2015/04/27 21:29	58.17		11.88
2015/04/27 21:59	58.12		12.26
2015/04/27 22:29	58.12		12.17
2015/04/27 22:59	57.98		11.88
2015/04/27 23:29	57.92		11.48
2015/04/27 23:59	57.85		11.04
2015/04/28 00:29	57.79		10.59
2015/04/28 00:59	57.68		10.06
2015/04/28 01:29	57.66		9.96
2015/04/28 01:59	57.55		9.94
2015/04/28 02:29	57.45		9.57
2015/04/28 02:59	57.37		9.05
2015/04/28 03:29	57.28		8.51
2015/04/28 03:59	57.23		8.13
2015/04/28 04:29	57.20		6.78
2015/04/28 04:59	57.21		6.34
2015/04/28 05:29	57.20		6.04
2015/04/28 05:59	57.23		6.38
2015/04/28 06:29	57.21		7.53
2015/04/28 06:59	57.21		8.58
2015/04/28 07:29	57.17		10.83
2015/04/28 07:59	57.04		11.02
2015/04/28 08:29	56.87		11.55
2015/04/28 08:59	56.65		12.43
2015/04/28 09:29	56.44		14.25
2015/04/28 09:59	56.19		15.40
2015/04/28 10:29	55.93		14.57
2015/04/28 10:59	55.75		13.84
2015/04/28 11:29	55.62		15.27
2015/04/28 11:59	55.56		15.06
2015/04/28 12:29	55.49		21.34
2015/04/28 12:59	55.45		19.80
2015/04/28 13:29	55.38		18.41
2015/04/28 13:59	55.31		19.81
2015/04/28 14:29	55.17		21.01
2015/04/28 14:59	55.12		18.72
2015/04/28 15:29	55.03		18.07
2015/04/28 15:58	54.96		18.60
2015/04/28 16:19	54.97		18.30
2015/04/28 16:24	54.99	Brassage (+ eau)	18.07
2015/04/28 16:48	36.68		17.98
2015/04/28 16:53	36.98		18.49
2015/04/28 16:58	37.12		17.99
2015/04/28 17:03	37.26		18.23
2015/04/28 17:08	37.42		18.41
2015/04/28 17:13	37.52		18.41
2015/04/28 17:18	37.63		18.50
2015/04/28 17:23	37.75		18.50
2015/04/28 17:28	37.87		18.68
2015/04/28 17:37	38.05		18.42
2015/04/28 18:07	38.74		18.59
2015/04/28 18:37	39.31		18.07
2015/04/28 19:07	39.86		17.71
2015/04/28 19:37	40.55		17.48
2015/04/28 20:07	41.55		16.61
2015/04/28 20:37	42.54		15.76
2015/04/28 21:07	43.56		15.10
2015/04/28 21:37	44.51		14.93
2015/04/28 22:07	45.38		14.72
2015/04/28 22:37	46.29		14.07
2015/04/28 23:07	47.11		14.28
2015/04/28 23:37	48.01		13.22
2015/04/29 00:07	48.85		12.93
2015/04/29 00:37	49.61		12.80
2015/04/29 01:07	50.31		12.67
2015/04/29 01:37	51.03		12.27
2015/04/29 02:07	51.71		11.92
2015/04/29 02:37	52.39		11.31
2015/04/29 03:07	53.00		10.86
2015/04/29 03:37	53.62		10.58
2015/04/29 04:07	54.20		10.12
2015/04/29 04:37	54.78		9.70
2015/04/29 05:07	55.29		8.98
2015/04/29 05:37	55.79		9.38
2015/04/29 06:07	56.20		9.49
2015/04/29 06:37	56.61		9.41
2015/04/29 07:07	56.92		10.05
2015/04/29 07:37	57.16		9.56
2015/04/29 08:06	57.31		10.07
2015/04/29 08:36	57.50		10.54
2015/04/29 09:06	57.61		12.21
2015/04/29 09:36	57.62		12.52
2015/04/29 10:06	57.61		15.30
2015/04/29 10:36	57.66		15.46
2015/04/29 11:06	57.62		16.16
2015/04/29 11:36	57.41		14.14
2015/04/29 12:06	57.38		15.32
2015/04/29 12:36	57.31		14.43
2015/04/29 13:06	57.41		15.64
2015/04/29 13:36	57.47		15.84
2015/04/29 14:06	57.47		22.09
2015/04/29 14:36	57.54		16.22
2015/04/29 15:06	57.43		17.74
2015/04/29 15:36	57.37		17.08
2015/04/29 16:06	57.26		16.35
2015/04/29 16:36	57.19		16.49
2015/04/29 17:06	57.00		15.49
2015/04/29 17:36	56.65		15.83
2015/04/29 18:06	56.53		15.11
2015/04/29 18:36	56.69		14.69
2015/04/29 19:06	57.00		14.35
2015/04/29 19:36	57.26		13.90
2015/04/29 20:06	57.42		13.67
2015/04/29 20:36	57.47		13.48
2015/04/29 21:06	57.48		12.97
2015/04/29 21:36	57.63		12.52
2015/04/29 22:06	57.39		11.13
2015/04/29 22:36	56.87		10.76
2015/04/29 23:06	56.47		10.25
2015/04/29 23:36	56.06		9.52
2015/04/30 00:06	55.56		8.98
2015/04/30 00:36	55.38		8.75
2015/04/30 01:06	55.11		8.58
2015/04/30 01:36	55.27		8.14
2015/04/30 02:06	55.37		7.88
2015/04/30 02:36	55.30		7.58
2015/04/30 03:05	55.25		7.49
2015/04/30 03:35	55.08		7.30
2015/04/30 04:05	54.84		7.06
2015/04/30 04:35	54.69		7.11
2015/04/30 05:05	54.54		7.06
2015/04/30 05:35	54.60		6.94
2015/04/30 06:05	54.51		7.01
2015/04/30 06:35	54.44		7.11
2015/04/30 07:05	54.32		7.69
2015/04/30 07:35	54.04		9.41
2015/04/30 08:05	53.60		9.95
2015/04/30 08:35	52.80		11.44
2015/04/30 09:05	52.32		13.02
2015/04/30 09:35	51.49		13.20
2015/04/30 10:05	50.67		15.11
2015/04/30 10:35	49.58		16.07
2015/04/30 11:05	48.96		16.69
2015/04/30 11:35	48.55		18.77
2015/04/30 12:05	48.26		20.61
2015/04/30 12:35	48.06		22.12
2015/04/30 13:05	47.62		17.45
2015/04/30 13:35	47.43		16.82
2015/04/30 14:05	47.38		16.67
2015/04/30 14:35	47.30		17.80
2015/04/30 15:05	46.99		18.15
2015/04/30 15:35	46.61		15.74
2015/04/30 16:05	46.43		16.44
2015/04/30 16:35	46.44		16.60
2015/04/30 17:04	46.37	Brassage	16.27
2015/04/30 17:23	37.09		16.01
2015/04/30 17:28	37.33		15.97
2015/04/30 17:33	37.61		16.27
2015/04/30 17:38	37.82		16.08
2015/04/30 17:43	38.05		16.42
2015/04/30 17:49	38.31		16.34
2015/04/30 18:19	39.56		15.71
2015/04/30 18:48	40.56		15.68
2015/04/30 19:18	41.44		15.32
2015/04/30 19:48	42.22		14.93
2015/04/30 20:18	42.91		14.44
2015/04/30 20:48	43.55		14.06
2015/04/30 21:18	44.21		13.30
2015/04/30 21:48	44.79		13.40
2015/04/30 22:18	45.24		12.97
2015/04/30 22:48	45.64		12.53
2015/04/30 23:18	45.99		12.26
2015/04/30 23:48	46.25		12.09
2015/05/01 00:18	46.50		11.81
2015/05/01 00:48	46.75		11.57
2015/05/01 01:18	46.99		11.13
2015/05/01 01:48	47.18		10.94
2015/05/01 02:18	47.44		10.48
2015/05/01 02:48	47.60		10.06
2015/05/01 03:18	47.69		9.88
2015/05/01 03:48	47.78		9.69
2015/05/01 04:18	47.93		9.06
2015/05/01 04:48	48.05		8.51
2015/05/01 05:18	48.19		8.13
2015/05/01 05:48	48.31		8.15
2015/05/01 06:18	48.31		8.42
2015/05/01 06:48	48.27		9.75
2015/05/01 07:18	48.17		11.88
2015/05/01 07:48	48.05		14.47
2015/05/01 08:18	47.87		12.79
2015/05/01 08:48	47.72		14.47
2015/05/01 09:18	47.56		14.50
2015/05/01 09:48	47.43		14.87
2015/05/01 10:18	47.27		17.45
2015/05/01 10:48	47.12		17.84
2015/05/01 11:18	46.91		19.43
2015/05/01 11:48	46.66		21.86
2015/05/01 12:18	46.39		21.41
2015/05/01 12:48	46.07		20.10
2015/05/01 13:17	45.73		22.07
2015/05/01 13:47	45.29		18.17
2015/05/01 14:17	44.94		21.02
2015/05/01 14:47	44.66		20.43
2015/05/01 15:17	44.35		19.45
2015/05/01 15:47	44.19		19.86
2015/05/01 16:17	43.97		19.48
2015/05/01 16:47	43.76		18.59
2015/05/01 17:17	43.70		19.10
2015/05/01 17:47	43.72		18.09
2015/05/01 18:17	43.79		17.72
2015/05/01 18:47	43.98		17.74
2015/05/01 19:17	44.11		17.52
2015/05/01 19:47	44.30		17.13
2015/05/01 20:17	45.99		16.76
2015/05/01 20:47	46.18		15.75
2015/05/01 21:17	46.37		15.84
2015/05/01 21:47	46.56		14.77
2015/05/01 22:17	46.77		14.19
2015/05/01 22:47	46.99		13.62
2015/05/01 23:17	47.18		13.06
2015/05/01 23:47	47.40		12.82
2015/05/02 00:17	47.60		12.18
2015/05/02 00:47	47.81		11.74
2015/05/02 01:17	47.99		11.57
2015/05/02 01:47	48.17		11.28
2015/05/02 02:17	48.37		10.84
2015/05/02 02:47	48.55		10.58
2015/05/02 03:17	48.73		10.96
2015/05/02 03:47	48.86		11.68
2015/05/02 04:17	49.04		10.55
2015/05/02 04:47	49.13		10.12
2015/05/02 05:17	49.22		10.06
2015/05/02 05:47	49.40		10.06
2015/05/02 06:17	49.49		10.21
2015/05/02 06:47	49.56		11.92
2015/05/02 07:17	49.66		14.58
2015/05/02 07:47	49.71		20.67
2015/05/02 08:17	49.80		16.34
2015/05/02 08:46	49.85		17.34
2015/05/02 09:16	49.92		19.51
2015/05/02 09:46	49.91		23.45
2015/05/02 10:16	49.94		26.77
2015/05/02 10:46	49.99		22.60
2015/05/02 11:16	49.97		23.87
2015/05/02 11:46	49.94		25.14
2015/05/02 12:16	49.94		26.83
2015/05/02 12:46	49.87		25.93
2015/05/02 13:16	49.87		26.60
2015/05/02 13:46	49.91		24.26
2015/05/02 14:16	49.92		26.04
2015/05/02 14:46	50.00		26.41
2015/05/02 15:16	50.03		23.94
2015/05/02 15:46	50.08		26.32
2015/05/02 16:16	50.19		24.81
2015/05/02 16:46	50.24		23.96
2015/05/02 17:16	50.31		23.59
2015/05/02 17:46	50.42		22.91
2015/05/02 18:16	50.43		22.31
2015/05/02 18:46	50.49		21.56
2015/05/02 19:16	50.53		21.52
2015/05/02 19:46	50.59		20.73
2015/05/02 20:16	50.69		20.36
2015/05/02 20:46	50.77		18.32
2015/05/02 21:16	50.85		17.45
2015/05/02 21:46	50.93		16.70
2015/05/02 22:16	50.99		15.99
2015/05/02 22:46	51.05		18.05
2015/05/02 23:16	51.12		17.70
2015/05/02 23:46	51.17		16.93
2015/05/03 00:16	51.25		16.84
2015/05/03 00:46	51.30		16.58
2015/05/03 01:16	51.36		16.02
2015/05/03 01:46	51.38		15.91
2015/05/03 02:16	51.43		15.84
2015/05/03 02:46	51.44		15.66
2015/05/03 03:16	51.49		15.23
2015/05/03 03:45	51.48		15.06
2015/05/03 04:15	51.49		14.89
2015/05/03 04:45	51.48		14.67
2015/05/03 05:15	51.47		14.10
2015/05/03 05:45	51.49		13.29
2015/05/03 06:15	51.45		13.58
2015/05/03 06:45	51.40		13.82
2015/05/03 07:15	51.38		15.44
2015/05/03 07:45	51.33		21.00
2015/05/03 08:15	51.29		17.65
2015/05/03 08:45	51.24		18.69
2015/05/03 09:15	51.19		22.68
2015/05/03 09:45	51.17		22.39
2015/05/03 10:15	51.08		25.00
2015/05/03 10:45	51.04		25.24
2015/05/03 11:15	50.99		25.03
2015/05/03 11:45	50.92		24.68
2015/05/03 12:15	50.88		28.91
2015/05/03 12:45	50.82		28.76
2015/05/03 13:15	50.79		27.77
2015/05/03 13:45	50.79		25.70
2015/05/03 14:15	50.77		27.83
2015/05/03 14:45	50.75		29.16
2015/05/03 15:15	50.74		27.75
2015/05/03 15:45	50.75		28.94
2015/05/03 16:15	50.72		27.74
2015/05/03 16:45	50.74		25.63
2015/05/03 17:15	50.75		25.51
2015/05/03 17:45	50.76		24.82
2015/05/03 18:15	50.77		24.37
2015/05/03 18:45	50.80		23.75
2015/05/03 19:15	50.81		22.20
2015/05/03 19:45	50.81		21.28
2015/05/03 20:15	50.80		21.15
2015/05/03 20:45	50.83		20.40
2015/05/03 21:15	50.84		19.76
2015/05/03 21:45	50.84		19.81
2015/05/03 22:15	50.85		19.06
2015/05/03 22:45	50.85		19.05
2015/05/03 23:14	50.86		18.49
2015/05/03 23:44	50.83		18.07
2015/05/04 00:14	50.81		17.92
2015/05/04 00:44	50.81		17.79
2015/05/04 01:14	50.81		16.95
2015/05/04 01:44	50.74		17.05
2015/05/04 02:14	50.74		16.93
2015/05/04 02:44	50.71		16.55
2015/05/04 03:14	50.67		16.67
2015/05/04 03:44	50.62		16.07
2015/05/04 04:14	50.60		15.91
2015/05/04 04:44	50.52		15.92
2015/05/04 05:14	50.47		15.29
2015/05/04 05:44	50.37		15.06
2015/05/04 06:14	50.32		15.40
2015/05/04 06:44	50.25		16.09
2015/05/04 07:14	50.17		21.54
2015/05/04 07:44	50.11		24.19
2015/05/04 08:14	50.04		23.45
2015/05/04 08:44	49.94		23.90
2015/05/04 09:14	49.87		25.34
2015/05/04 09:44	49.78		25.31
2015/05/04 10:14	49.72		28.05
2015/05/04 10:44	49.68		27.59
2015/05/04 11:14	49.60		27.76
2015/05/04 11:44	49.54		28.84
2015/05/04 12:14	49.48		28.86
2015/05/04 12:44	49.42		31.57
2015/05/04 13:14	49.34		30.37
2015/05/04 13:44	49.26		28.97
2015/05/04 14:14	49.17		29.69
2015/05/04 14:44	49.05		30.15
2015/05/04 15:14	48.98		29.27
2015/05/04 15:44	48.87		30.66
2015/05/04 16:14	48.74		29.21
2015/05/04 16:44	48.61		26.77
2015/05/04 17:14	48.47		26.06
2015/05/04 17:43	48.34		25.25
2015/05/04 18:13	48.24		23.77
2015/05/04 18:43	48.14		21.94
2015/05/04 19:13	48.04		19.35
2015/05/04 19:43	47.96		18.91
2015/05/04 20:13	47.87		18.47
2015/05/04 20:43	47.81		18.13
2015/05/04 21:13	47.72		17.29
2015/05/04 21:43	47.61		16.70
2015/05/04 22:13	47.55		16.95
2015/05/04 22:43	47.44		17.00
2015/05/04 23:13	47.41		16.95
2015/05/04 23:43	47.36		16.44
2015/05/05 00:13	47.31		16.26
2015/05/05 00:43	47.24		16.08
2015/05/05 01:13	47.20		16.09
2015/05/05 01:43	47.17		15.33
2015/05/05 02:13	47.12		14.96
2015/05/05 02:43	47.09		14.33
2015/05/05 03:13	47.04		13.57
2015/05/05 03:43	46.99		13.06
2015/05/05 04:13	46.93		12.51
2015/05/05 04:43	46.88		12.20
2015/05/05 05:13	46.81		11.38
2015/05/05 05:43	46.73		11.83
2015/05/05 06:13	46.66		12.00
2015/05/05 06:43	46.56		12.71
2015/05/05 07:13	46.43		20.29
2015/05/05 07:43	46.31		21.06
2015/05/05 08:13	46.22		17.13
2015/05/05 08:43	46.06		16.31
2015/05/05 09:13	45.94		18.44
2015/05/05 09:43	45.81		17.72
2015/05/05 10:13	45.55		18.09
2015/05/05 10:43	45.41		19.94
2015/05/05 11:13	45.18		19.30
2015/05/05 11:43	44.92		18.80
2015/05/05 12:13	44.74		22.34
2015/05/05 12:42	44.55		21.36
2015/05/05 13:12	44.47		24.65
2015/05/05 13:42	44.38		20.81
2015/05/05 14:12	44.30		22.43
2015/05/05 14:42	44.25		23.19
2015/05/05 15:12	44.19		21.17
2015/05/05 15:42	44.17		24.86
2015/05/05 16:12	44.12		21.81
2015/05/05 16:42	44.10		21.18
2015/05/05 17:12	44.06		20.84
2015/05/05 17:42	44.06		20.71
2015/05/05 17:59	44.06	Brassage (+ eau)	20.33
2015/05/05 18:14	33.89		20.11
2015/05/05 18:15	34.04		20.10
2015/05/05 18:30	34.38		20.05
2015/05/05 18:45	34.49		19.68
2015/05/05 19:00	34.64		19.52
2015/05/05 19:02	34.68		19.31
2015/05/05 19:32	35.13		18.80
2015/05/05 20:02	35.73		18.13
2015/05/05 20:32	36.32		17.73
2015/05/05 21:02	36.94		17.37
2015/05/05 21:32	37.54		16.58
2015/05/05 22:02	38.06		16.15
2015/05/05 22:32	38.60		15.66
2015/05/05 23:02	39.06		15.05
2015/05/05 23:32	39.51		14.69
2015/05/06 00:02	39.92		14.13
2015/05/06 00:32	40.29		13.71
2015/05/06 01:02	40.62		13.14
2015/05/06 01:32	40.93		12.69
2015/05/06 02:02	41.23		12.45
2015/05/06 02:32	41.49		12.35
2015/05/06 03:02	41.69		11.36
2015/05/06 03:32	41.92		11.17
2015/05/06 04:02	42.11		10.95
2015/05/06 04:32	42.29		10.41
2015/05/06 05:02	42.43		10.32
2015/05/06 05:32	42.57		10.11
2015/05/06 06:02	42.69		10.31
2015/05/06 06:32	42.81		11.13
2015/05/06 07:02	42.88		13.04
2015/05/06 07:32	42.99		17.41
2015/05/06 08:02	43.10		21.15
2015/05/06 08:32	43.17		20.38
2015/05/06 09:02	43.25		21.13
2015/05/06 09:32	43.35		21.47
2015/05/06 10:02	43.41		22.38
2015/05/06 10:32	43.47		23.33
2015/05/06 11:02	43.50		22.75
2015/05/06 11:32	43.54		22.84
2015/05/06 12:02	43.56		23.45
2015/05/06 12:32	43.54		27.73
2015/05/06 13:01	43.57		27.05
2015/05/06 13:31	43.56		24.57
2015/05/06 14:01	43.54		24.17
2015/05/06 14:31	43.57		25.45
2015/05/06 15:01	43.66		25.36
2015/05/06 15:31	43.68		24.78
2015/05/06 16:01	43.73		25.24
2015/05/06 16:31	43.78		24.89
2015/05/06 17:01	43.81		24.90
2015/05/06 17:31	43.85		24.73
2015/05/06 18:01	43.87		23.87
2015/05/06 18:31	43.94		23.69
2015/05/06 19:01	43.99		22.98
2015/05/06 19:31	44.04		22.38
2015/05/06 20:01	44.10		21.86
2015/05/06 20:31	44.12		21.43
2015/05/06 21:01	44.19		20.76
2015/05/06 21:31	44.24		20.57
2015/05/06 22:01	44.27		20.05
2015/05/06 22:31	44.34		19.87
2015/05/06 23:01	44.39		19.17
2015/05/06 23:31	44.44		19.11
2015/05/07 00:01	44.50		18.62
2015/05/07 00:31	44.56		18.08
2015/05/07 01:01	44.62		17.97
2015/05/07 01:31	44.66		17.69
2015/05/07 02:01	44.69		17.31
2015/05/07 02:31	44.76		17.27
2015/05/07 03:01	44.82		17.15
2015/05/07 03:31	44.84		16.65
2015/05/07 04:01	44.90		16.21
2015/05/07 04:31	44.92		16.06
2015/05/07 05:01	44.94		15.56
2015/05/07 05:31	44.98		15.32
2015/05/07 06:01	44.99		14.81
2015/05/07 06:31	45.03		14.97
2015/05/07 07:01	45.04		15.98
2015/05/07 07:31	45.04		20.50
2015/05/07 08:00	45.06		25.00
2015/05/07 08:30	45.06		23.16
2015/05/07 09:00	45.08		23.19
2015/05/07 09:30	45.07		25.61
2015/05/07 10:00	45.09		24.04
2015/05/07 10:30	45.10		24.34
2015/05/07 11:00	45.12		25.06
2015/05/07 11:30	45.06		25.33
2015/05/07 12:00	45.11		25.70
2015/05/07 12:30	45.12		28.65
2015/05/07 13:00	45.12		27.04
2015/05/07 13:30	45.12		26.77
2015/05/07 14:00	45.13		26.95
2015/05/07 14:30	45.12		27.34
2015/05/07 15:00	45.12		27.85
2015/05/07 15:30	45.12		27.48
2015/05/07 16:00	45.11		27.82
2015/05/07 16:30	45.12		28.25
2015/05/07 17:00	45.12		27.75
2015/05/07 17:30	45.13		26.78
2015/05/07 18:00	45.12		26.40
2015/05/07 18:30	45.11		25.93
2015/05/07 19:00	45.16		25.35
2015/05/07 19:30	45.16		24.72
2015/05/07 20:00	45.18		24.17
2015/05/07 20:30	45.19		23.38
2015/05/07 21:00	45.22		22.98
2015/05/07 21:30	45.25		22.70
2015/05/07 22:00	45.27		22.55
2015/05/07 22:30	45.31		22.26
2015/05/07 23:00	45.31		21.49
2015/05/07 23:30	45.37		21.16
2015/05/08 00:00	45.37		21.09
2015/05/08 00:30	45.41		20.71
2015/05/08 01:00	45.43		19.79
2015/05/08 01:30	45.44		19.93
2015/05/08 02:00	45.46		19.70
2015/05/08 02:30	45.49		19.96
2015/05/08 03:00	45.50		19.80
2015/05/08 03:30	45.51		19.01
2015/05/08 04:00	45.52		19.35
2015/05/08 04:29	45.56		17.98
2015/05/08 04:59	45.54		17.47
2015/05/08 05:29	45.54		18.41
2015/05/08 05:59	45.56		18.80
2015/05/08 06:29	45.55		18.60
2015/05/08 06:59	45.53		19.33
2015/05/08 07:29	45.49		21.41
2015/05/08 07:59	45.44		23.08
2015/05/08 08:29	45.41		19.85
2015/05/08 08:59	45.32		19.00
2015/05/08 09:29	45.29		21.62
2015/05/08 09:59	45.19		21.41
2015/05/08 10:29	45.17		22.39
2015/05/08 10:59	45.13		22.21
2015/05/08 11:29	45.03		22.76
2015/05/08 11:59	44.97		23.58
2015/05/08 12:29	44.99		24.22
2015/05/08 12:59	44.97		26.07
2015/05/08 13:29	44.94		25.93
2015/05/08 13:59	44.96		26.72
2015/05/08 14:29	44.92		28.28
2015/05/08 14:59	44.94		28.57
2015/05/08 15:29	44.93		29.41
2015/05/08 15:59	44.94		29.49
2015/05/08 16:29	44.99		29.84
2015/05/08 16:59	44.99		30.01
2015/05/08 17:29	45.04		29.29
2015/05/08 17:59	45.08		28.84
2015/05/08 18:29	45.11		28.63
2015/05/08 18:59	45.12		28.19
2015/05/08 19:29	45.19		27.66
2015/05/08 19:59	45.22		27.01
2015/05/08 20:29	45.24		26.75
2015/05/08 20:59	45.28		26.15
2015/05/08 21:29	45.30		25.96
2015/05/08 21:59	45.32		25.61
2015/05/08 22:29	45.35		25.53
2015/05/08 22:59	45.38		25.00
2015/05/08 23:29	45.43		24.57
2015/05/08 23:58	45.42		23.14
2015/05/09 00:28	45.43		21.16
2015/05/09 00:58	45.44		22.17
2015/05/09 01:28	45.47		20.53
2015/05/09 01:58	45.44		20.44
2015/05/09 02:28	45.49		19.25
2015/05/09 02:58	45.49		19.79
2015/05/09 03:28	45.48		19.40
2015/05/09 03:58	45.47		19.12
2015/05/09 04:28	45.50		19.86
2015/05/09 04:58	45.44		17.56
2015/05/09 05:28	45.39		16.66
2015/05/09 05:58	45.36		15.96
2015/05/09 06:28	45.31		17.87
2015/05/09 06:58	45.24		16.55
2015/05/09 07:28	45.25		18.11
2015/05/09 07:58	45.24		19.53
2015/05/09 08:28	45.23		20.45
2015/05/09 08:52	45.19		20.11
2015/05/09 09:22	45.19		22.96
2015/05/09 09:52	45.21		23.39
2015/05/09 10:22	45.23		23.25
2015/05/09 10:52	45.23		24.12
2015/05/09 11:22	45.20		25.28
2015/05/09 11:52	45.19		25.58
2015/05/09 12:22	45.17		26.32
2015/05/09 12:52	45.10		26.41
2015/05/09 13:22	45.11		26.92
2015/05/09 13:52	45.06		26.21
2015/05/09 14:22	45.04		26.41
2015/05/09 14:52	44.99		27.13
2015/05/09 15:22	44.94		26.48
2015/05/09 15:52	44.88		27.48
2015/05/09 16:22	44.87		27.41
2015/05/09 16:52	44.81		27.48
2015/05/09 17:22	44.80		26.86
2015/05/09 17:52	44.75		26.14
2015/05/09 18:22	44.74		23.33
2015/05/09 18:52	44.73		22.88
2015/05/09 19:22	44.69		20.35
2015/05/09 19:52	44.68		20.53
2015/05/09 20:22	44.67		20.48
2015/05/09 20:52	44.65		20.37
2015/05/09 21:22	44.62		20.39
2015/05/09 21:52	44.60		20.83
2015/05/09 22:22	44.56		20.71
2015/05/09 22:52	44.56		20.41
2015/05/09 23:22	44.56		20.49
2015/05/09 23:52	44.54		20.29
2015/05/10 00:22	44.51		19.96
2015/05/10 00:52	44.48		19.43
2015/05/10 01:22	44.43		19.63
2015/05/10 01:52	44.42		19.52
2015/05/10 02:21	44.38		19.19
2015/05/10 02:51	44.36		18.98
2015/05/10 03:21	44.36		18.93
2015/05/10 03:51	44.35		19.11
2015/05/10 04:21	44.31		18.65
2015/05/10 04:51	44.29		18.66
2015/05/10 05:21	44.25		18.46
2015/05/10 05:51	44.24		18.79
2015/05/10 06:21	44.19		19.17
2015/05/10 06:51	44.19		19.60
2015/05/10 07:21	44.19		23.11
2015/05/10 07:51	44.18		25.66
2015/05/10 08:21	44.19		22.57
2015/05/10 08:51	44.18		24.47
2015/05/10 09:21	44.19		24.36
2015/05/10 09:51	44.20		24.84
2015/05/10 10:21	44.20		25.83
2015/05/10 10:51	44.21		25.50
2015/05/10 11:21	44.19		24.96
2015/05/10 11:51	44.17		24.47
2015/05/10 12:21	44.12		24.49
2015/05/10 12:51	44.11		24.54
2015/05/10 13:21	44.09		24.39
2015/05/10 13:51	44.07		24.32
2015/05/10 14:21	44.06		24.21
2015/05/10 14:51	44.03		19.35
2015/05/10 15:21	43.88		18.25
2015/05/10 15:51	43.79		17.39
2015/05/10 16:21	43.70		16.70
2015/05/10 16:51	43.64		16.49
2015/05/10 17:21	43.51		16.18
2015/05/10 17:51	43.41		15.56
2015/05/10 18:21	43.26		14.95
2015/05/10 18:51	43.08		14.43
2015/05/10 19:21	42.87		14.35
2015/05/10 19:51	42.69		14.26
2015/05/10 20:21	42.59		14.52
2015/05/10 20:51	42.45		14.37
2015/05/10 21:21	42.36		14.50
2015/05/10 21:51	42.28		14.38
2015/05/10 22:21	42.18		14.63
2015/05/10 22:50	42.05		14.62
2015/05/10 23:20	41.92		14.70
2015/05/10 23:50	41.79		14.45
2015/05/11 00:20	41.68		14.13
2015/05/11 00:50	41.56		14.02
2015/05/11 01:20	41.48		14.10
2015/05/11 01:50	41.31		14.10
2015/05/11 02:20	41.17		13.84
2015/05/11 02:50	40.99		13.15
2015/05/11 03:20	40.74		11.30
2015/05/11 03:50	40.47		10.54
2015/05/11 04:20	40.19		10.28
2015/05/11 04:50	39.92		9.29
2015/05/11 05:20	39.60		8.98
2015/05/11 05:50	39.31		8.68
2015/05/11 06:20	39.05		8.19
2015/05/11 06:50	38.81		8.16
2015/05/11 07:20	38.66		8.25
2015/05/11 07:50	38.36		8.32
2015/05/11 08:20	37.81		8.38
2015/05/11 08:50	37.54		8.49
2015/05/11 09:20	37.35		8.32
2015/05/11 09:50	37.06		8.45
2015/05/11 10:20	36.74		8.88
2015/05/11 10:50	36.47		9.14
2015/05/11 11:20	36.07		9.25
2015/05/11 11:50	35.73		9.34
2015/05/11 12:20	35.44		9.34
2015/05/11 12:50	34.94		9.16
2015/05/11 13:20	34.67		9.31
2015/05/11 13:50	34.35		9.34
2015/05/11 14:20	34.06		9.42
2015/05/11 14:50	33.69		8.99
2015/05/11 15:20	33.31		9.29
2015/05/11 15:50	32.93		9.13
2015/05/11 16:20	32.69		8.98
2015/05/11 16:33	32.59	Brassage	8.98
2015/05/11 16:48	22.03		8.94
2015/05/11 16:53	23.35		8.98
2015/05/11 16:57	23.93		9.05
2015/05/11 17:27	25.91		9.26
2015/05/11 17:57	26.95		9.27
2015/05/11 18:27	27.67		9.31
2015/05/11 18:57	28.17		9.24
2015/05/11 19:27	28.56		9.42
2015/05/11 19:57	28.94		9.44
2015/05/11 20:27	29.17		9.30
2015/05/11 20:57	29.36		9.41
2015/05/11 21:27	29.57		9.43
2015/05/11 21:57	29.72		9.12
2015/05/11 22:27	29.86		9.33
2015/05/11 22:57	29.91		8.99
2015/05/11 23:27	29.99		8.89
2015/05/11 23:57	30.05		9.04
2015/05/12 00:27	30.06		8.98
2015/05/12 00:57	30.12		8.89
2015/05/12 01:27	30.12		8.98
2015/05/12 01:57	30.10		8.87
2015/05/12 02:27	30.11		8.71
2015/05/12 02:57	30.06		8.84
2015/05/12 03:27	30.10		9.14
2015/05/12 03:57	30.13		9.02
2015/05/12 04:27	30.18		9.25
2015/05/12 04:57	30.19		9.42
2015/05/12 05:27	30.19		9.45
2015/05/12 05:57	30.23		9.60
2015/05/12 06:27	30.25		9.54
2015/05/12 06:57	30.25		9.92
2015/05/12 07:27	30.29		10.33
2015/05/12 07:57	30.27		10.98
2015/05/12 08:27	30.26		11.63
2015/05/12 08:57	30.24		11.73
2015/05/12 09:26	30.24		13.47
2015/05/12 09:56	30.25		15.88
2015/05/12 10:26	30.24		17.82
2015/05/12 10:56	30.25		19.13
2015/05/12 11:26	30.23		19.42
2015/05/12 11:56	30.24		18.59
2015/05/12 12:26	30.24		18.64
2015/05/12 12:56	30.19		19.02
2015/05/12 13:26	29.92		15.40
2015/05/12 13:56	29.84		15.23
2015/05/12 14:26	29.99		16.24
2015/05/12 14:56	30.06		21.17
2015/05/12 15:26	30.11		22.27
2015/05/12 15:56	30.19		20.97
2015/05/12 16:26	30.42		19.64
2015/05/12 16:56	30.66		18.91
2015/05/12 17:26	30.84		16.87
2015/05/12 17:56	30.92		17.13
2015/05/12 18:26	30.88		15.97
2015/05/12 18:56	30.81		15.49
2015/05/12 19:26	30.78		14.69
2015/05/12 19:56	30.74		14.36
2015/05/12 20:26	30.72		13.92
2015/05/12 20:56	30.68		13.85
2015/05/12 21:26	30.67		13.64
2015/05/12 21:56	30.64		13.37
2015/05/12 22:26	30.62		13.09
2015/05/12 22:56	30.60		12.95
2015/05/12 23:26	30.61		12.87
2015/05/12 23:56	30.56		12.85
2015/05/13 00:26	30.52		12.53
2015/05/13 00:56	30.44		12.44
2015/05/13 01:26	30.38		11.91
2015/05/13 01:56	30.30		11.29
2015/05/13 02:26	30.19		11.11
2015/05/13 02:56	30.04		10.57
2015/05/13 03:26	29.81		9.97
2015/05/13 03:56	29.52		9.13
2015/05/13 04:26	29.31		8.28
2015/05/13 04:55	29.12		7.88
2015/05/13 05:25	29.03		7.52
2015/05/13 05:55	28.86		7.34
2015/05/13 06:25	28.74		7.58
2015/05/13 06:55	28.61		8.03
2015/05/13 07:25	28.39		12.29
2015/05/13 07:55	28.25		15.27
2015/05/13 08:25	28.05		10.46
2015/05/13 08:55	27.96		10.56
2015/05/13 09:25	27.76		12.04
2015/05/13 09:55	27.62		11.96
2015/05/13 10:25	27.38		11.75
2015/05/13 10:55	27.12		12.14
2015/05/13 11:25	27.00		12.71
2015/05/13 11:55	26.84		13.23
2015/05/13 12:25	26.73		13.71
2015/05/13 12:55	26.56		13.90
2015/05/13 13:25	26.37		13.93
2015/05/13 13:55	26.33		14.97
2015/05/13 14:25	26.30		15.80
2015/05/13 14:55	26.19		16.10
2015/05/13 15:25	26.13		16.86
2015/05/13 15:55	26.12		17.30
2015/05/13 16:25	26.04		17.52
2015/05/13 16:55	25.99		17.21
2015/05/13 17:25	25.94		16.70
2015/05/13 17:55	26.36		16.33
2015/05/13 18:25	26.44		16.30
2015/05/13 18:55	26.35		15.78
2015/05/13 19:25	26.31		15.65
2015/05/13 19:55	26.19		14.80
2015/05/13 20:25	26.12		14.36
2015/05/13 20:55	26.11		14.07
2015/05/13 21:25	26.08		13.50
2015/05/13 21:55	26.07		12.94
2015/05/13 22:25	26.04		12.42
2015/05/13 22:55	25.98		12.25
2015/05/13 23:25	25.88		11.83
2015/05/13 23:54	25.86		11.38
2015/05/14 00:24	25.88		10.82
2015/05/14 00:54	25.91		10.48
2015/05/14 01:24	25.89		10.23
2015/05/14 01:54	25.93		9.69
2015/05/14 02:24	25.99		8.88
2015/05/14 02:54	26.00		8.69
2015/05/14 03:24	26.00		8.88
2015/05/14 03:54	26.03		8.28
2015/05/14 04:24	26.04		8.17
2015/05/14 04:54	26.06		7.70
2015/05/14 05:24	26.05		7.34
2015/05/14 05:54	26.04		7.52
2015/05/14 06:24	26.02		7.90
2015/05/14 06:54	26.00		9.16
2015/05/14 07:24	25.98		18.78
2015/05/14 07:54	25.93		17.00
2015/05/14 08:24	25.88		15.50
2015/05/14 08:54	25.82		14.13
2015/05/14 09:24	25.81		14.78
2015/05/14 09:54	25.83		15.20
2015/05/14 10:24	25.81		15.14
2015/05/14 10:54	25.79		15.79
2015/05/14 11:24	25.82		16.13
2015/05/14 11:54	25.74		16.03
2015/05/14 12:24	25.73		16.24
2015/05/14 12:54	25.81		17.48
2015/05/14 13:24	25.81		17.03
2015/05/14 13:54	25.86		17.39
2015/05/14 14:24	25.92		17.52
2015/05/14 14:54	25.89		18.56
2015/05/14 15:24	25.93		18.48
2015/05/14 15:54	25.93		19.38
2015/05/14 16:24	25.94		19.19
2015/05/14 16:54	25.98		18.56
2015/05/14 17:24	25.98		18.67
2015/05/14 17:54	25.98		18.15
2015/05/14 18:24	25.99		17.81
2015/05/14 18:54	26.00		17.39
2015/05/14 19:23	26.00		17.08
2015/05/14 19:53	26.03		16.61
2015/05/14 20:23	26.04		16.05
2015/05/14 20:53	26.03		15.33
2015/05/14 21:23	26.04		15.04
2015/05/14 21:53	26.04		14.63
2015/05/14 22:23	26.04		14.09
2015/05/14 22:53	26.06		14.23
2015/05/14 23:23	26.06		13.92
2015/05/14 23:53	26.06		13.55
2015/05/15 00:23	26.07		13.05
2015/05/15 00:53	26.11		12.78
2015/05/15 01:23	26.12		12.46
2015/05/15 01:53	26.16		12.16
2015/05/15 02:23	26.17		11.64
2015/05/15 02:53	26.18		11.30
2015/05/15 03:23	26.19		10.85
2015/05/15 03:53	26.19		10.54
2015/05/15 04:23	26.19		10.41
2015/05/15 04:53	26.19		10.23
2015/05/15 05:23	26.20		10.05
2015/05/15 05:53	26.22		10.41
2015/05/15 06:23	26.24		10.77
2015/05/15 06:53	26.27		11.44
2015/05/15 07:23	26.29		12.53
2015/05/15 07:53	26.30		12.79
2015/05/15 08:23	26.31		13.29
2015/05/15 08:53	26.31		13.57
2015/05/15 09:23	26.33		14.90
2015/05/15 09:53	26.32		14.80
2015/05/15 10:23	26.36		15.05
2015/05/15 10:53	26.38		15.58
2015/05/15 11:23	26.42		16.34
2015/05/15 11:53	26.42		17.77
2015/05/15 12:23	26.42		18.20
2015/05/15 12:53	26.44		18.57
2015/05/15 13:23	26.44		19.18
2015/05/15 13:53	26.44		19.79
2015/05/15 14:23	26.44		19.68
2015/05/15 14:53	26.44		20.31
2015/05/15 15:22	26.44		19.89
2015/05/15 15:52	26.44		20.47
2015/05/15 16:22	26.44		20.65
2015/05/15 16:52	26.44		20.54
2015/05/15 17:22	26.44		20.53
2015/05/15 17:52	26.44		20.13
2015/05/15 18:22	26.44		20.06
2015/05/15 18:52	26.47		19.91
2015/05/15 19:22	26.49		19.66
2015/05/15 19:52	26.49		19.18
2015/05/15 20:22	26.50		18.84
2015/05/15 20:52	26.50		18.49
2015/05/15 21:22	26.51		18.16
2015/05/15 21:52	26.50		18.23
2015/05/15 22:22	26.50		17.82
2015/05/15 22:52	26.51		17.80
2015/05/15 23:22	26.50		17.81
2015/05/15 23:52	26.51		18.05
2015/05/16 00:22	26.54		17.79
2015/05/16 00:52	26.51		17.56
2015/05/16 01:22	26.54		17.11
2015/05/16 01:52	26.55		17.09
2015/05/16 02:22	26.55		16.76
2015/05/16 02:52	26.56		16.65
2015/05/16 03:22	26.57		16.42
2015/05/16 03:52	26.58		16.27
2015/05/16 04:22	26.62		16.08
2015/05/16 04:52	26.66		16.01
2015/05/16 05:22	26.69		15.84
2015/05/16 05:52	26.69		15.48
2015/05/16 06:22	26.71		15.80
2015/05/16 06:52	26.74		15.81
2015/05/16 07:22	26.74		15.78
2015/05/16 07:52	26.77		15.73
2015/05/16 08:22	26.77		15.92
2015/05/16 08:52	26.81		16.28
2015/05/16 09:21	26.83		16.44
2015/05/16 09:51	26.85		17.02
2015/05/16 10:21	26.87		17.63
2015/05/16 10:51	26.87		18.13
2015/05/16 11:21	26.91		18.91
2015/05/16 11:51	26.93		19.41
2015/05/16 12:21	26.92		19.79
2015/05/16 12:51	26.94		20.14
2015/05/16 13:21	26.99		20.13
2015/05/16 13:51	27.01		19.89
2015/05/16 14:21	27.04		20.14
2015/05/16 14:51	27.08		20.55
2015/05/16 15:21	27.11		20.05
2015/05/16 15:51	27.16		19.52
2015/05/16 16:21	27.17		19.68
2015/05/16 16:51	27.19		19.73
2015/05/16 17:21	27.23		19.78
2015/05/16 17:51	27.24		19.85
2015/05/16 18:21	27.28		19.62
2015/05/16 18:51	27.31		19.79
2015/05/16 19:21	27.33		19.71
2015/05/16 19:51	27.37		19.52
2015/05/16 20:21	27.39		19.02
2015/05/16 20:51	27.42		18.23
2015/05/16 21:21	27.47		17.94
2015/05/16 21:51	27.50		17.97
2015/05/16 22:21	27.54		17.82
2015/05/16 22:51	27.56		17.56
2015/05/16 23:21	27.62		17.52
2015/05/16 23:51	27.66		17.67
2015/05/17 00:21	27.69		17.73
2015/05/17 00:51	27.74		17.41
2015/05/17 01:21	27.79		17.37
2015/05/17 01:51	27.82		17.81
2015/05/17 02:21	27.88		17.30
2015/05/17 02:51	27.94		17.36
2015/05/17 03:21	27.99		17.18
2015/05/17 03:51	28.04		16.87
2015/05/17 04:20	28.10		16.53
2015/05/17 04:50	28.14		16.35
2015/05/17 05:20	28.19		15.92
2015/05/17 05:50	28.24		15.66
2015/05/17 06:20	28.31		15.84
2015/05/17 06:50	28.37		15.88
2015/05/17 07:20	28.44		22.10
2015/05/17 07:50	28.49		22.89
2015/05/17 08:20	28.54		17.19
2015/05/17 08:50	28.56		18.48
2015/05/17 09:20	28.61		19.69
2015/05/17 09:50	28.67		20.06
2015/05/17 10:20	28.69		20.47
2015/05/17 10:50	28.74		20.13
2015/05/17 11:20	28.81		21.04
2015/05/17 11:50	28.85		20.88
2015/05/17 12:20	28.94		20.71
2015/05/17 12:50	28.96		21.16
2015/05/17 13:20	29.04		21.59
2015/05/17 13:50	29.07		21.59
2015/05/17 14:20	29.16		22.71
2015/05/17 14:50	29.19		22.68
2015/05/17 15:20	29.24		23.84
2015/05/17 15:50	29.29		24.30
2015/05/17 16:20	29.31		23.61
2015/05/17 16:50	29.38		24.05
2015/05/17 17:20	29.43		23.86
2015/05/17 17:50	29.49		23.34
2015/05/17 18:20	29.56		23.33
2015/05/17 18:50	29.61		23.09
2015/05/17 19:20	29.63		22.96
2015/05/17 19:50	29.69		22.21
2015/05/17 20:20	29.75		21.10
2015/05/17 20:50	29.80		20.14
2015/05/17 21:20	29.86		19.52
2015/05/17 21:50	29.88		18.76
2015/05/17 22:20	29.97		19.45
2015/05/17 22:49	30.03		19.33
2015/05/17 23:19	30.06		19.13
2015/05/17 23:49	30.12		17.98
2015/05/18 00:19	30.18		18.50
2015/05/18 00:49	30.24		17.64
2015/05/18 01:19	30.29		16.78
2015/05/18 01:49	30.36		17.77
2015/05/18 02:19	30.41		17.23
2015/05/18 02:49	30.44		16.94
2015/05/18 03:19	30.51		15.87
2015/05/18 03:49	30.56		15.16
2015/05/18 04:19	30.62		14.55
2015/05/18 04:49	30.67		14.18
2015/05/18 05:19	30.69		13.84
2015/05/18 05:49	30.75		13.65
2015/05/18 06:19	30.79		13.30
2015/05/18 06:49	30.81		14.11
2015/05/18 07:19	30.81		15.08
2015/05/18 07:49	30.88		19.59
2015/05/18 08:19	30.94		18.58
2015/05/18 08:49	30.97		19.22
2015/05/18 09:19	30.97		18.49
2015/05/18 09:49	30.97		19.27
2015/05/18 10:19	31.01		20.29
2015/05/18 10:49	31.06		22.17
2015/05/18 11:19	31.14		22.73
2015/05/18 11:49	31.19		23.82
2015/05/18 12:19	31.25		24.01
2015/05/18 12:49	31.31		24.87
2015/05/18 13:19	31.38		25.62
2015/05/18 13:49	31.43		26.06
2015/05/18 14:19	31.45		26.69
2015/05/18 14:49	31.51		27.04
2015/05/18 15:19	31.56		27.06
2015/05/18 15:49	31.62		27.17
2015/05/18 16:19	31.67		27.04
2015/05/18 16:49	31.74		27.12
2015/05/18 17:19	31.79		27.35
2015/05/18 17:49	31.82		27.31
2015/05/18 18:18	31.88		27.04
2015/05/18 18:48	31.93		26.59
2015/05/18 19:18	31.99		26.15
2015/05/18 19:48	32.01		25.97
2015/05/18 20:18	32.06		23.32
2015/05/18 20:48	32.12		21.15
2015/05/18 21:18	32.19		20.49
2015/05/18 21:48	32.27		20.20
2015/05/18 22:18	32.31		20.14
2015/05/18 22:48	32.38		20.31
2015/05/18 23:18	32.42		20.20
2015/05/18 23:48	32.47		19.77
2015/05/19 00:18	32.54		19.69
2015/05/19 00:48	32.57		19.89
2015/05/19 01:18	32.62		19.89
2015/05/19 01:48	32.68		19.99
2015/05/19 02:18	32.73		19.62
2015/05/19 02:48	32.78		19.14
2015/05/19 03:18	32.84		18.89
2015/05/19 03:48	32.88		18.75
2015/05/19 04:18	32.94		18.30
2015/05/19 04:48	33.00		18.07
2015/05/19 05:18	33.06		18.33
2015/05/19 05:48	33.09		17.81
2015/05/19 06:18	33.16		17.64
2015/05/19 06:48	33.19		17.72
2015/05/19 07:18	33.25		17.96
2015/05/19 07:48	33.31		18.25
2015/05/19 08:18	33.37		18.25
2015/05/19 08:48	33.44		19.28
2015/05/19 09:18	33.47		19.62
2015/05/19 09:48	33.54		19.27
2015/05/19 10:18	33.57		20.08
2015/05/19 10:48	33.60		21.01
2015/05/19 11:18	33.67		22.50
2015/05/19 11:48	33.72		23.44
2015/05/19 12:18	33.74		24.00
2015/05/19 12:47	33.74		24.37
2015/05/19 13:17	33.76		24.99
2015/05/19 13:47	33.74		25.26
2015/05/19 14:17	33.76		26.32
2015/05/19 14:47	33.74		25.78
2015/05/19 15:17	33.68		25.70
2015/05/19 15:47	33.67		25.89
2015/05/19 16:17	33.60		25.44
2015/05/19 16:47	33.60		25.20
2015/05/19 17:17	33.59		24.82
2015/05/19 17:47	33.56		24.29
2015/05/19 18:17	33.50		23.08
2015/05/19 18:47	33.44		22.23
2015/05/19 19:17	33.43		21.23
2015/05/19 19:47	33.48		21.07
2015/05/19 20:17	33.69		19.96
2015/05/19 20:47	33.81		19.06
2015/05/19 21:17	33.91		18.12
2015/05/19 21:47	33.99		17.52
2015/05/19 22:17	34.06		16.70
2015/05/19 22:47	34.11		16.44
2015/05/19 23:17	34.18		15.92
2015/05/19 23:47	34.20		15.79
2015/05/20 00:17	34.19		15.33
2015/05/20 00:47	34.22		14.37
2015/05/20 01:17	34.19		13.63
2015/05/20 01:47	34.16		13.15
2015/05/20 02:17	34.12		12.88
2015/05/20 02:47	34.07		12.26
2015/05/20 03:17	33.99		11.83
2015/05/20 03:47	33.89		11.61
2015/05/20 04:17	33.85		11.28
2015/05/20 04:47	33.81		10.91
2015/05/20 05:17	33.75		10.41
2015/05/20 05:47	33.68		9.87
2015/05/20 06:17	33.54		9.25
2015/05/20 06:47	33.31		8.62
2015/05/20 07:17	33.09		8.07
2015/05/20 07:46	32.91		13.04
2015/05/20 08:16	32.79		9.70
2015/05/20 08:46	32.61		9.67
2015/05/20 09:16	32.47		8.81
2015/05/20 09:46	32.29		9.70
2015/05/20 10:16	32.20		10.69
2015/05/20 10:46	32.06		10.49
2015/05/20 11:16	31.82		9.96
2015/05/20 11:46	31.67		10.06
2015/05/20 12:16	31.31		10.43
2015/05/20 12:46	30.94		11.71
2015/05/20 13:16	30.69		12.24
2015/05/20 13:46	30.43		12.90
2015/05/20 14:16	30.23		16.34
2015/05/20 14:46	30.00		14.62
2015/05/20 15:16	29.92		15.17
2015/05/20 15:46	29.62		16.69
2015/05/20 16:16	29.38		15.83
2015/05/20 16:46	29.18		16.02
2015/05/20 17:16	29.00		16.19
2015/05/20 17:46	28.83		15.63
2015/05/20 18:16	28.67		15.32
2015/05/20 18:19	28.67	Brassage	15.32
2015/05/20 18:34	23.23		14.97
2015/05/20 18:36	23.42		15.24
2015/05/20 19:06	24.12		14.96
2015/05/20 19:36	24.56		14.61
2015/05/20 20:06	24.94		14.10
2015/05/20 20:36	25.24		13.50
2015/05/20 21:06	25.49		13.21
2015/05/20 21:36	25.69		13.06
2015/05/20 22:06	25.87		12.53
2015/05/20 22:36	25.99		12.43
2015/05/20 23:06	26.11		12.45
2015/05/20 23:36	26.20		12.05
2015/05/21 00:06	26.30		11.81
2015/05/21 00:36	26.36		11.57
2015/05/21 01:06	26.49		11.05
2015/05/21 01:36	26.56		10.60
2015/05/21 02:06	26.61		10.49
2015/05/21 02:36	26.63		10.24
2015/05/21 03:06	26.66		10.05
2015/05/21 03:36	26.69		9.70
2015/05/21 04:06	26.74		9.69
2015/05/21 04:36	26.79		9.61
2015/05/21 05:06	26.81		9.69
2015/05/21 05:36	26.85		9.70
2015/05/21 06:06	26.83		9.97
2015/05/21 06:36	26.87		9.85
2015/05/21 07:06	26.88		10.19
2015/05/21 07:36	26.91		10.59
2015/05/21 08:06	26.92		10.59
2015/05/21 08:36	26.94		11.13
2015/05/21 09:06	26.94		12.55
2015/05/21 09:36	26.96		13.85
2015/05/21 10:06	26.99		15.38
2015/05/21 10:36	27.00		15.07
2015/05/21 11:06	27.03		15.83
2015/05/21 11:36	27.06		15.70
2015/05/21 12:06	27.06		17.04
2015/05/21 12:35	27.08		16.93
2015/05/21 13:05	27.10		17.90
2015/05/21 13:35	27.12		18.07
2015/05/21 14:05	27.14		18.60
2015/05/21 14:35	27.12		19.42
2015/05/21 15:05	27.12		19.24
2015/05/21 15:35	27.12		19.75
2015/05/21 16:05	27.12		19.94
2015/05/21 16:35	27.12		20.15
2015/05/21 17:05	27.11		19.99
2015/05/21 17:35	27.07		19.79
2015/05/21 18:05	27.06		19.16
2015/05/21 18:35	27.05		18.56
2015/05/21 19:05	27.00		18.00
2015/05/21 19:35	26.99		17.64
2015/05/21 20:05	26.96		16.96
2015/05/21 20:35	26.94		16.62
2015/05/21 21:05	26.91		16.34
2015/05/21 21:35	26.88		15.83
2015/05/21 22:05	26.86		15.40
2015/05/21 22:35	26.81		15.06
2015/05/21 23:05	26.78		14.70
2015/05/21 23:35	26.75		14.44
2015/05/22 00:05	26.72		14.19
2015/05/22 00:35	26.69		13.90
2015/05/22 01:05	26.63		13.76
2015/05/22 01:35	26.62		13.66
2015/05/22 02:05	26.61		13.41
2015/05/22 02:35	26.55		11.71
2015/05/22 03:05	26.49		11.00
2015/05/22 03:35	26.45		10.94
2015/05/22 04:05	26.43		10.90
2015/05/22 04:35	26.39		10.37
2015/05/22 05:05	26.37		10.32
2015/05/22 05:35	26.32		10.06
2015/05/22 06:05	26.31		9.69
2015/05/22 06:35	26.26		9.46
2015/05/22 07:05	26.24		8.96
2015/05/22 07:34	26.18		8.62
2015/05/22 08:04	26.12		7.70
2015/05/22 08:34	26.12		8.01
2015/05/22 09:04	26.06		8.73
2015/05/22 09:34	26.00		10.66
2015/05/22 10:04	25.96		11.47
2015/05/22 10:34	25.91		11.85
2015/05/22 11:04	25.81		12.03
2015/05/22 11:34	25.80		12.27
2015/05/22 12:04	25.74		11.80
2015/05/22 12:34	25.69		12.26
2015/05/22 13:04	25.62		13.04
2015/05/22 13:34	25.54		11.83
2015/05/22 14:04	25.49		10.94
2015/05/22 14:34	25.42		10.53
2015/05/22 15:04	25.31		12.09
2015/05/22 15:34	25.19		11.30
2015/05/22 16:04	25.13		12.55
2015/05/22 16:34	25.04		11.76
2015/05/22 17:04	24.93		11.74
2015/05/22 17:34	24.74		10.77
2015/05/22 18:04	24.62		9.73
2015/05/22 18:34	24.49		8.80
2015/05/22 19:04	24.35		8.14
2015/05/22 19:34	24.19		7.61
2015/05/22 20:04	24.08		7.24
2015/05/22 20:34	24.00		6.83
2015/05/22 21:04	23.93		6.60
2015/05/22 21:34	23.87		6.40
2015/05/22 22:04	23.83		6.27
2015/05/22 22:34	23.79		6.04
2015/05/22 23:04	23.70		5.86
2015/05/22 23:34	23.63		5.67
2015/05/23 00:04	23.57		5.53
2015/05/23 00:34	23.50		5.28
2015/05/23 01:04	23.43		5.05
2015/05/23 01:34	23.38		4.78
2015/05/23 02:04	23.30		4.51
2015/05/23 02:33	23.24		4.29
2015/05/23 03:03	23.17		4.23
2015/05/23 03:33	23.06		4.12
2015/05/23 04:03	22.97		3.90
2015/05/23 04:33	22.87		3.73
2015/05/23 05:03	22.79		3.36
2015/05/23 05:33	22.69		3.27
2015/05/23 06:03	22.61		3.66
2015/05/23 06:33	22.54		4.31
2015/05/23 07:03	22.42		5.48
2015/05/23 07:33	22.32		7.98
2015/05/23 08:03	22.25		7.69
2015/05/23 08:33	22.12		8.25
2015/05/23 09:03	22.04		8.53
2015/05/23 09:33	21.94		8.87
2015/05/23 10:03	21.81		10.42
2015/05/23 10:33	21.75		9.32
2015/05/23 11:03	21.66		10.10
2015/05/23 11:33	21.57		10.78
2015/05/23 12:03	21.50		11.05
2015/05/23 12:33	21.51		11.98
2015/05/23 13:03	21.43		12.43
2015/05/23 13:33	21.38		12.96
2015/05/23 14:03	21.37		14.10
2015/05/23 14:33	21.33		14.33
2015/05/23 15:03	21.25		14.83
2015/05/23 15:33	21.19		15.32
2015/05/23 16:03	21.12		16.45
2015/05/23 16:33	21.07		16.57
2015/05/23 17:03	21.05		15.66
2015/05/23 17:33	21.00		15.60
2015/05/23 18:03	20.98		14.70
2015/05/23 18:33	20.96		14.72
2015/05/23 19:03	20.94		14.00
2015/05/23 19:33	20.94		14.01
2015/05/23 20:03	20.92		13.75
2015/05/23 20:33	20.88		13.50
2015/05/23 21:02	20.86		13.28
2015/05/23 21:32	20.82		13.12
2015/05/23 22:02	20.81		12.88
2015/05/23 22:32	20.81		12.70
2015/05/23 23:02	20.79		12.69
2015/05/23 23:32	20.75		12.85
2015/05/24 00:02	20.72		13.23
2015/05/24 00:32	20.71		13.25
2015/05/24 01:02	20.67		13.29
2015/05/24 01:32	20.67		13.31
2015/05/24 02:02	20.62		13.14
2015/05/24 02:32	20.61		13.06
2015/05/24 03:02	20.60		13.12
2015/05/24 03:32	20.58		12.96
2015/05/24 04:02	20.54		12.81
2015/05/24 04:32	20.53		12.67
2015/05/24 05:02	20.50		12.75
2015/05/24 05:32	20.49		12.71
2015/05/24 06:02	20.44		12.85
2015/05/24 06:32	20.43		13.05
2015/05/24 07:02	20.41		13.40
2015/05/24 07:32	20.38		13.29
2015/05/24 08:02	20.37		13.53
2015/05/24 08:32	20.35		13.93
2015/05/24 09:02	20.31		14.80
2015/05/24 09:32	20.30		14.63
2015/05/24 10:02	20.25		15.23
2015/05/24 10:32	20.25		15.07
2015/05/24 11:02	20.22		16.58
2015/05/24 11:32	20.21		17.64
2015/05/24 12:02	20.19		18.76
2015/05/24 12:32	20.19		19.45
2015/05/24 13:02	20.16		20.31
2015/05/24 13:32	20.13		21.24
2015/05/24 14:02	20.12		22.56
2015/05/24 14:32	20.12		23.08
2015/05/24 15:02	20.12		23.31
2015/05/24 15:32	20.07		24.40
2015/05/24 16:02	20.06		24.97
2015/05/24 16:31	20.06		25.16
2015/05/24 17:01	20.06		25.01
2015/05/24 17:31	20.06		24.72
2015/05/24 18:01	20.04		24.82
2015/05/24 18:31	20.01		24.13
2015/05/24 19:01	20.03		23.82
2015/05/24 19:31	20.02		22.99
2015/05/24 20:01	20.00		22.72
2015/05/24 20:31	20.02		22.12
2015/05/24 21:01	20.01		21.32
2015/05/24 21:31	20.01		21.15
2015/05/24 22:01	20.03		20.90
2015/05/24 22:31	20.06		20.65
2015/05/24 23:01	20.06		20.21
2015/05/24 23:31	20.07		19.85
2015/05/25 00:01	20.11		19.79
2015/05/25 00:31	20.12		19.20
2015/05/25 01:01	20.17		18.92
2015/05/25 01:31	20.18		18.48
2015/05/25 02:01	20.22		18.37
2015/05/25 02:31	20.24		18.07
2015/05/25 03:01	20.30		17.88
2015/05/25 03:31	20.31		17.59
2015/05/25 04:01	20.36		17.47
2015/05/25 04:31	20.41		17.30
2015/05/25 05:01	20.44		17.05
2015/05/25 05:31	20.49		16.98
2015/05/25 06:01	20.53		17.30
2015/05/25 06:31	20.56		17.37
2015/05/25 07:01	20.62		17.56
2015/05/25 07:31	20.67		18.07
2015/05/25 08:01	20.69		18.13
2015/05/25 08:31	20.72		18.73
2015/05/25 09:01	20.76		18.90
2015/05/25 09:31	20.81		19.07
2015/05/25 10:01	20.86		19.74
2015/05/25 10:31	20.88		20.46
2015/05/25 11:01	20.93		21.02
2015/05/25 11:30	20.98		20.57
2015/05/25 12:00	21.04		20.55
2015/05/25 12:30	21.06		19.78
2015/05/25 13:00	21.11		18.76
2015/05/25 13:30	21.16		19.10
2015/05/25 14:00	21.20		18.37
2015/05/25 14:30	21.26		18.48
2015/05/25 15:00	21.31		17.55
2015/05/25 15:30	21.38		17.53
2015/05/25 16:00	21.44		17.56
2015/05/25 16:30	21.50		17.27
2015/05/25 17:00	21.56		16.74
2015/05/25 17:30	21.62		16.09
2015/05/25 18:00	21.68		15.65
2015/05/25 18:30	21.74		15.48
2015/05/25 19:00	21.80		15.31
2015/05/25 19:30	21.83		15.21
2015/05/25 20:00	21.91		15.49
2015/05/25 20:30	21.94		15.31
2015/05/25 21:00	22.00		15.22
2015/05/25 21:30	22.06		15.38
2015/05/25 22:00	22.12		15.38
2015/05/25 22:30	22.18		15.66
2015/05/25 23:00	22.23		15.84
2015/05/25 23:30	22.30		15.91
2015/05/26 00:00	22.32		16.01
2015/05/26 00:30	22.38		16.19
2015/05/26 01:00	22.44		16.60
2015/05/26 01:30	22.49		17.04
2015/05/26 02:00	22.56		17.05
2015/05/26 02:30	22.62		16.44
2015/05/26 03:00	22.67		16.27
2015/05/26 03:30	22.71		16.85
2015/05/26 04:00	22.75		17.27
2015/05/26 04:30	22.81		17.30
2015/05/26 05:00	22.87		17.21
2015/05/26 05:30	22.92		17.40
2015/05/26 06:00	22.95		18.15
2015/05/26 06:30	23.00		18.42
2015/05/26 06:59	23.06		18.84
2015/05/26 07:29	23.11		19.19
2015/05/26 07:59	23.13		20.57
2015/05/26 08:29	23.19		20.73
2015/05/26 08:59	23.24		20.72
2015/05/26 09:29	23.30		21.52
2015/05/26 09:59	23.37		21.97
2015/05/26 10:29	23.41		22.56
2015/05/26 10:59	23.44		23.15
2015/05/26 11:29	23.50		23.38
2015/05/26 11:59	23.56		23.67
2015/05/26 12:29	23.61		25.48
2015/05/26 12:59	23.66		25.48
2015/05/26 13:29	23.69		25.94
2015/05/26 13:59	23.76		26.33
2015/05/26 14:29	23.81		26.08
2015/05/26 14:59	23.87		26.40
2015/05/26 15:29	23.93		26.02
2015/05/26 15:59	23.98		27.66
2015/05/26 16:29	24.06		27.47
2015/05/26 16:59	24.12		27.62
2015/05/26 17:29	24.17		27.32
2015/05/26 17:59	24.23		26.97
2015/05/26 18:29	24.30		26.76
2015/05/26 18:59	24.36		26.40
2015/05/26 19:29	24.44		25.98
2015/05/26 19:59	24.53		25.50
2015/05/26 20:29	24.61		24.38
2015/05/26 20:59	24.67		24.09
2015/05/26 21:29	24.74		23.25
2015/05/26 21:59	24.82		22.88
2015/05/26 22:29	24.92		22.30
2015/05/26 22:59	25.00		21.88
2015/05/26 23:29	25.06		21.59
2015/05/26 23:59	25.17		21.59
2015/05/27 00:29	25.24		21.56
2015/05/27 00:59	25.32		20.95
2015/05/27 01:29	25.41		21.51
2015/05/27 01:59	25.49		21.60
2015/05/27 02:28	25.56		21.83
2015/05/27 02:58	25.62		22.25
2015/05/27 03:28	25.74		22.89
2015/05/27 03:58	25.81		22.21
2015/05/27 04:28	25.88		22.04
2015/05/27 04:58	25.99		21.47
2015/05/27 05:28	26.06		21.70
2015/05/27 05:58	26.12		21.96
2015/05/27 06:28	26.21		22.74
2015/05/27 06:58	26.29		23.07
2015/05/27 07:28	26.38		25.32
2015/05/27 07:58	26.44		26.04
2015/05/27 08:28	26.51		25.52
2015/05/27 08:58	26.61		25.53
2015/05/27 09:28	26.69		25.36
2015/05/27 09:58	26.80		25.89
2015/05/27 10:28	26.88		26.94
2015/05/27 10:58	26.97		25.96
2015/05/27 11:28	27.06		26.24
2015/05/27 11:58	27.13		26.20
2015/05/27 12:28	27.24		26.77
2015/05/27 12:58	27.31		26.04
2015/05/27 13:28	27.42		25.55
2015/05/27 13:58	27.50		26.96
2015/05/27 14:28	27.61		27.48
2015/05/27 14:58	27.68		27.31
2015/05/27 15:28	27.75		27.61
2015/05/27 15:58	27.87		27.09
2015/05/27 16:28	27.94		27.50
2015/05/27 16:58	28.03		26.15
2015/05/27 17:28	28.12		26.07
2015/05/27 17:58	28.24		26.32
2015/05/27 18:28	28.33		26.24
2015/05/27 18:58	28.43		26.12
2015/05/27 19:28	28.53		25.88
2015/05/27 19:58	28.62		25.14
2015/05/27 20:28	28.70		24.65
2015/05/27 20:58	28.82		24.02
2015/05/27 21:27	28.92		23.60
2015/05/27 21:57	29.01		23.76
2015/05/27 22:27	29.12		23.32
2015/05/27 22:57	29.19		23.34
2015/05/27 23:27	29.31		22.81
2015/05/27 23:57	29.38		22.73
2015/05/28 00:27	29.46		22.64
2015/05/28 00:57	29.56		22.29
2015/05/28 01:27	29.63		22.31
2015/05/28 01:57	29.72		22.11
2015/05/28 02:27	29.79		21.86
2015/05/28 02:57	29.86		21.66
2015/05/28 03:27	29.93		21.68
2015/05/28 03:57	30.01		21.16
2015/05/28 04:27	30.10		20.97
2015/05/28 04:57	30.17		20.70
2015/05/28 05:27	30.23		20.31
2015/05/28 05:57	30.32		20.47
2015/05/28 06:27	30.41		20.57
2015/05/28 06:57	30.47		20.57
2015/05/28 07:27	30.54		20.46
2015/05/28 07:57	30.62		20.40
2015/05/28 08:27	30.69		20.65
2015/05/28 08:57	30.75		20.56
2015/05/28 09:27	30.81		21.00
2015/05/28 09:57	30.92		20.47
2015/05/28 10:27	30.98		20.22
2015/05/28 10:57	31.06		20.48
2015/05/28 11:27	31.09		21.10
2015/05/28 11:57	31.13		20.99
2015/05/28 12:27	31.22		18.50
2015/05/28 12:57	31.24		18.73
2015/05/28 13:27	31.31		19.45
2015/05/28 13:57	31.33		20.14
2015/05/28 14:27	31.39		21.28
2015/05/28 14:57	31.43		21.43
2015/05/28 15:27	31.47		21.16
2015/05/28 15:57	31.50		20.83
2015/05/28 16:27	31.54		21.10
2015/05/28 16:57	31.62		20.47
2015/05/28 17:26	31.62		17.43
2015/05/28 17:56	31.68		17.97
2015/05/28 18:26	31.73		18.97
2015/05/28 18:56	31.75		18.69
2015/05/28 19:26	31.80		18.69
2015/05/28 19:56	31.81		18.66
2015/05/28 20:26	31.87		18.76
2015/05/28 20:56	31.88		17.82
2015/05/28 21:26	31.93		18.05
2015/05/28 21:56	31.94		17.56
2015/05/28 22:26	31.99		17.03
2015/05/28 22:56	31.99		16.35
2015/05/28 23:26	32.00		15.98
2015/05/28 23:56	32.04		15.81
2015/05/29 00:26	32.06		15.30
2015/05/29 00:56	32.09		15.06
2015/05/29 01:26	32.12		14.63
2015/05/29 01:56	32.12		14.18
2015/05/29 02:26	32.14		13.66
2015/05/29 02:56	32.16		13.41
2015/05/29 03:26	32.17		13.30
2015/05/29 03:56	32.18		13.23
2015/05/29 04:26	32.19		13.23
2015/05/29 04:56	32.19		13.19
2015/05/29 05:26	32.19		12.88
2015/05/29 05:56	32.19		13.06
2015/05/29 06:26	32.19		14.08
2015/05/29 06:56	32.19		15.20
2015/05/29 07:26	32.18		22.48
2015/05/29 07:56	32.17		19.78
2015/05/29 08:26	32.17		17.47
2015/05/29 08:56	32.16		19.32
2015/05/29 09:26	32.17		19.89
2015/05/29 09:56	32.18		19.47
2015/05/29 10:26	32.18		20.09
2015/05/29 10:56	32.18		20.80
2015/05/29 11:26	32.17		20.64
2015/05/29 11:56	32.16		21.53
2015/05/29 12:25	32.17		22.20
2015/05/29 12:55	32.16		22.76
2015/05/29 13:25	32.16		22.82
2015/05/29 13:55	32.12		23.11
2015/05/29 14:25	32.12		23.52
2015/05/29 14:55	32.12		24.31
2015/05/29 15:25	32.12		25.04
2015/05/29 15:55	32.12		24.87
2015/05/29 16:25	32.12		24.65
2015/05/29 16:55	32.11		24.28
2015/05/29 17:25	32.12		24.30
2015/05/29 17:55	32.12		24.55
2015/05/29 18:25	32.11		24.34
2015/05/29 18:55	32.12		23.41
2015/05/29 19:25	32.11		23.43
2015/05/29 19:55	32.12		22.98
2015/05/29 20:25	32.13		22.57
2015/05/29 20:55	32.13		22.11
2015/05/29 21:25	32.13		21.07
2015/05/29 21:55	32.15		21.26
2015/05/29 22:25	32.17		21.24
2015/05/29 22:55	32.17		21.14
2015/05/29 23:25	32.18		20.65
2015/05/29 23:55	32.18		19.96
2015/05/30 00:25	32.18		20.20
2015/05/30 00:55	32.18		20.22
2015/05/30 01:25	32.18		20.28
2015/05/30 01:55	32.19		20.63
2015/05/30 02:25	32.22		20.53
2015/05/30 02:55	32.22		20.05
2015/05/30 03:25	32.24		19.92
2015/05/30 03:55	32.26		20.14
2015/05/30 04:25	32.25		19.97
2015/05/30 04:55	32.26		19.96
2015/05/30 05:25	32.31		20.15
2015/05/30 05:55	32.31		19.12
2015/05/30 06:25	32.34		18.69
2015/05/30 06:55	32.35		19.36
2015/05/30 07:25	32.36		20.04
2015/05/30 07:54	32.38		23.06
2015/05/30 08:24	32.38		23.95
2015/05/30 08:54	32.41		24.86
2015/05/30 09:24	32.43	Rcolte.  l'anne prochaine!	26.36
