2015/05/31 18:57	25.81		13.57
2015/05/31 19:27	26.22		13.41
2015/05/31 19:57	26.22		13.23
2015/05/31 20:27	26.24		13.07
2015/05/31 20:57	26.18		13.06
2015/05/31 21:27	26.06		13.06
2015/05/31 21:57	26.00		12.93
2015/05/31 22:27	25.94		13.02
2015/05/31 22:57	25.87		12.97
2015/05/31 23:27	25.88		12.88
2015/05/31 23:57	25.82		12.88
2015/06/01 00:27	25.81		12.67
2015/06/01 00:57	25.78		12.46
2015/06/01 01:27	25.74		12.40
2015/06/01 01:57	25.68		12.36
2015/06/01 02:27	25.61		12.27
2015/06/01 02:57	25.54		12.13
2015/06/01 03:27	25.37		11.65
2015/06/01 03:57	25.19		11.45
2015/06/01 04:27	25.17		11.13
2015/06/01 04:57	25.09		10.85
2015/06/01 05:27	25.01		10.77
2015/06/01 05:57	24.93		10.41
2015/06/01 06:27	24.81		10.05
2015/06/01 06:57	24.74		10.06
2015/06/01 07:27	24.69		10.12
2015/06/01 07:57	24.62		10.64
2015/06/01 08:27	24.51		11.13
2015/06/01 08:57	24.24		11.73
2015/06/01 09:27	24.00		11.71
2015/06/01 09:57	23.50		11.73
2015/06/01 10:27	23.11		12.20
2015/06/01 10:57	22.81		12.34
2015/06/01 11:27	22.44		12.96
2015/06/01 11:56	22.11		13.02
2015/06/01 12:26	21.79		12.55
2015/06/01 12:56	21.35		12.97
2015/06/01 13:26	20.98		13.16
2015/06/01 13:56	20.62		13.30
2015/06/01 14:26	20.33		13.60
2015/06/01 14:56	20.06		13.74
2015/06/01 15:26	19.75		14.19
2015/06/01 15:56	19.56		13.59
2015/06/01 16:26	19.38		13.66
2015/06/01 16:56	19.24		13.92
2015/06/01 17:26	19.20		13.93
2015/06/01 17:56	19.19		13.49
2015/06/01 18:26	19.06		13.39
2015/06/01 18:56	18.91		13.16
2015/06/01 19:26	18.74		12.88
2015/06/01 19:56	18.68		12.71
2015/06/01 20:26	18.62		12.35
2015/06/01 20:56	18.67		12.05
2015/06/01 21:26	18.58		11.83
2015/06/01 21:56	18.62		11.63
2015/06/01 22:26	18.60		11.49
2015/06/01 22:56	18.57		11.29
2015/06/01 23:26	18.56		11.03
2015/06/01 23:56	18.54		10.95
2015/06/02 00:26	18.48		10.75
2015/06/02 00:56	18.45		9.96
2015/06/02 01:26	18.43		9.52
2015/06/02 01:56	18.36		8.99
2015/06/02 02:26	18.31		8.98
2015/06/02 02:56	18.28		8.90
2015/06/02 03:26	18.25		8.91
2015/06/02 03:56	18.29		8.75
2015/06/02 04:26	18.32		8.85
2015/06/02 04:56	18.30		8.60
2015/06/02 05:26	18.31		8.62
2015/06/02 05:56	18.30		8.80
2015/06/02 06:26	18.25		8.61
2015/06/02 06:56	18.19		8.70
2015/06/02 07:25	18.17		8.68
2015/06/02 07:55	18.17		8.89
2015/06/02 08:25	18.12		8.98
2015/06/02 08:55	18.12		9.08
2015/06/02 09:25	18.14		9.40
2015/06/02 09:55	18.12		9.33
2015/06/02 10:25	18.17		9.76
2015/06/02 10:55	18.22		9.91
2015/06/02 11:25	18.31		10.34
2015/06/02 11:55	18.36		10.13
2015/06/02 12:25	18.42		10.48
2015/06/02 12:55	18.42		10.85
2015/06/02 13:25	18.44		10.57
2015/06/02 13:55	18.50		10.75
2015/06/02 14:25	18.56		11.04
2015/06/02 14:55	18.56		10.94
2015/06/02 15:25	18.60		11.53
2015/06/02 15:55	18.66		11.73
2015/06/02 16:25	18.67		12.07
2015/06/02 16:55	18.71		12.25
2015/06/02 17:25	18.75		12.97
2015/06/02 17:55	18.80		12.70
2015/06/02 18:25	18.83		12.39
2015/06/02 18:55	18.88		11.99
2015/06/02 19:25	18.88		11.90
2015/06/02 19:55	18.92		11.40
2015/06/02 20:25	18.95		10.82
2015/06/02 20:55	19.00		10.26
2015/06/02 21:25	19.06		9.97
2015/06/02 21:55	19.12		9.86
2015/06/02 22:25	19.18		9.40
2015/06/02 22:55	19.23		9.21
2015/06/02 23:25	19.30		8.89
2015/06/02 23:55	19.36		8.64
2015/06/03 00:25	19.42		8.88
2015/06/03 00:55	19.47		8.62
2015/06/03 01:25	19.54		8.15
2015/06/03 01:55	19.57		8.17
2015/06/03 02:24	19.63		8.14
2015/06/03 02:54	19.69		8.04
2015/06/03 03:24	19.74		7.52
2015/06/03 03:54	19.79		7.30
2015/06/03 04:24	19.85		7.07
2015/06/03 04:54	19.88		7.24
2015/06/03 05:24	19.92		7.43
2015/06/03 05:54	19.94		7.70
2015/06/03 06:24	20.00		8.41
2015/06/03 06:54	20.03		9.07
2015/06/03 07:24	20.05		8.92
2015/06/03 07:54	20.07		9.34
2015/06/03 08:24	20.12		9.44
2015/06/03 08:54	20.16		10.59
2015/06/03 09:24	20.18		11.12
2015/06/03 09:54	20.21		12.67
2015/06/03 10:24	20.18		12.76
2015/06/03 10:54	20.17		12.53
2015/06/03 11:24	20.18		13.40
2015/06/03 11:54	20.12		13.16
2015/06/03 12:24	20.16		14.38
2015/06/03 12:54	20.11		14.19
2015/06/03 13:24	20.12		14.83
2015/06/03 13:54	20.11		15.06
2015/06/03 14:24	20.12		15.22
2015/06/03 14:54	20.13		16.24
2015/06/03 15:24	20.12		16.01
2015/06/03 15:54	20.13		16.06
2015/06/03 16:24	20.12		17.63
2015/06/03 16:54	20.16		16.87
2015/06/03 17:24	20.17		17.26
2015/06/03 17:54	20.20		17.67
2015/06/03 18:24	20.24		16.92
2015/06/03 18:54	20.29		16.68
2015/06/03 19:24	20.33		16.29
2015/06/03 19:54	20.38		16.18
2015/06/03 20:24	20.42		15.74
2015/06/03 20:54	20.45		15.23
2015/06/03 21:24	20.49		14.97
2015/06/03 21:53	20.55		14.63
2015/06/03 22:23	20.56		14.43
2015/06/03 22:53	20.62		14.17
2015/06/03 23:23	20.63		13.92
2015/06/03 23:53	20.67		13.54
2015/06/04 00:23	20.70		13.41
2015/06/04 00:53	20.74		13.12
2015/06/04 01:23	20.78		12.77
2015/06/04 01:53	20.80		12.42
2015/06/04 02:23	20.81		12.19
2015/06/04 02:53	20.86		11.83
2015/06/04 03:23	20.88		11.81
2015/06/04 03:53	20.93		11.48
2015/06/04 04:23	20.94		11.39
2015/06/04 04:53	20.97		11.13
2015/06/04 05:23	20.99		11.03
2015/06/04 05:53	20.99		10.81
2015/06/04 06:23	21.00		11.20
2015/06/04 06:53	21.04		12.08
2015/06/04 07:23	21.04		13.63
2015/06/04 07:53	21.07		14.63
2015/06/04 08:23	21.08		15.83
2015/06/04 08:53	21.12		16.26
2015/06/04 09:23	21.17		16.78
2015/06/04 09:53	21.19		17.37
2015/06/04 10:23	21.24		17.99
2015/06/04 10:53	21.25		18.76
2015/06/04 11:23	21.31		19.43
2015/06/04 11:53	21.35		19.81
2015/06/04 12:23	21.38		20.31
2015/06/04 12:53	21.43		21.23
2015/06/04 13:23	21.49		21.34
2015/06/04 13:53	21.56		21.34
2015/06/04 14:23	21.57		21.77
2015/06/04 14:53	21.63		22.27
2015/06/04 15:23	21.69		22.52
2015/06/04 15:53	21.74		22.75
2015/06/04 16:23	21.80		22.79
2015/06/04 16:53	21.86		23.43
2015/06/04 17:22	21.91		23.42
2015/06/04 17:52	21.96		23.34
2015/06/04 18:22	22.00		23.08
2015/06/04 18:52	22.06		23.03
2015/06/04 19:22	22.12		22.72
2015/06/04 19:52	22.17		22.41
2015/06/04 20:22	22.24		21.78
2015/06/04 20:52	22.29		21.43
2015/06/04 21:22	22.31		21.43
2015/06/04 21:52	22.36		20.98
2015/06/04 22:22	22.41		20.53
2015/06/04 22:52	22.44		20.13
2015/06/04 23:22	22.49		19.45
2015/06/04 23:52	22.56		19.10
2015/06/05 00:22	22.61		18.55
2015/06/05 00:52	22.66		18.07
2015/06/05 01:22	22.69		17.73
2015/06/05 01:52	22.76		17.55
2015/06/05 02:22	22.81		17.34
2015/06/05 02:52	22.88		17.13
2015/06/05 03:22	22.94		16.97
2015/06/05 03:52	22.99		16.94
2015/06/05 04:22	23.05		16.84
2015/06/05 04:52	23.10		17.12
2015/06/05 05:22	23.13		17.11
2015/06/05 05:52	23.19		17.02
2015/06/05 06:22	23.25		17.46
2015/06/05 06:52	23.30		17.54
2015/06/05 07:22	23.35		17.40
2015/06/05 07:52	23.39		17.73
2015/06/05 08:22	23.44		18.07
2015/06/05 08:52	23.49		18.32
2015/06/05 09:22	23.55		18.50
2015/06/05 09:52	23.61		18.93
2015/06/05 10:22	23.66		20.14
2015/06/05 10:52	23.69		21.44
2015/06/05 11:22	23.74		22.21
2015/06/05 11:52	23.81		22.38
2015/06/05 12:22	23.86		22.78
2015/06/05 12:51	23.94		22.90
2015/06/05 13:21	24.01		23.14
2015/06/05 13:51	24.06		23.25
2015/06/05 14:21	24.12		22.89
2015/06/05 14:51	24.20		22.12
2015/06/05 15:21	24.26		20.83
2015/06/05 15:51	24.31		20.40
2015/06/05 16:21	24.37		20.18
2015/06/05 16:51	24.44		20.14
2015/06/05 17:21	24.50		20.03
2015/06/05 17:51	24.56		20.03
2015/06/05 18:21	24.62		19.87
2015/06/05 18:51	24.69		19.88
2015/06/05 19:21	24.76		19.62
2015/06/05 19:51	24.81		19.20
2015/06/05 20:21	24.88		19.11
2015/06/05 20:51	24.94		19.11
2015/06/05 21:21	25.04		18.98
2015/06/05 21:51	25.06		18.69
2015/06/05 22:21	25.16		18.41
2015/06/05 22:51	25.19		18.07
2015/06/05 23:21	25.25		17.73
2015/06/05 23:51	25.31		17.31
2015/06/06 00:21	25.35		16.60
2015/06/06 00:51	25.37		15.74
2015/06/06 01:21	25.38		14.97
2015/06/06 01:51	25.38		14.24
2015/06/06 02:21	25.38		13.23
2015/06/06 02:51	25.36		12.61
2015/06/06 03:21	25.31		11.97
2015/06/06 03:51	25.31		11.62
2015/06/06 04:21	25.28		11.04
2015/06/06 04:51	25.26		10.65
2015/06/06 05:21	25.22		10.33
2015/06/06 05:51	25.18		10.14
2015/06/06 06:21	25.17		10.17
2015/06/06 06:51	25.12		10.57
2015/06/06 07:21	25.06		12.13
2015/06/06 07:51	24.99		12.18
2015/06/06 08:21	24.93		12.95
2015/06/06 08:51	24.82		13.12
2015/06/06 09:21	24.72		13.23
2015/06/06 09:51	24.61		13.36
2015/06/06 10:20	24.49		13.43
2015/06/06 10:50	24.36		13.83
2015/06/06 11:20	24.23		14.15
2015/06/06 11:50	24.11		14.39
2015/06/06 12:20	24.00		14.63
2015/06/06 12:50	23.93		15.14
2015/06/06 13:20	23.83		15.66
2015/06/06 13:50	23.75		16.33
2015/06/06 14:20	23.68		16.85
2015/06/06 14:50	23.61		16.86
2015/06/06 15:20	23.55		17.64
2015/06/06 15:50	23.48		18.56
2015/06/06 16:20	23.44		19.21
2015/06/06 16:50	23.37		19.71
2015/06/06 17:20	23.36		19.68
2015/06/06 17:50	23.32		19.62
2015/06/06 18:20	23.31		19.35
2015/06/06 18:50	23.32		19.11
2015/06/06 19:20	23.32		19.11
2015/06/06 19:50	23.33		18.76
2015/06/06 20:20	23.37		18.34
2015/06/06 20:50	23.38		17.91
2015/06/06 21:20	23.43		17.63
2015/06/06 21:50	23.43		17.30
2015/06/06 22:20	23.47		16.94
2015/06/06 22:50	23.50		16.69
2015/06/06 23:20	23.54		16.09
2015/06/06 23:50	23.56		15.82
2015/06/07 00:20	23.60		15.32
2015/06/07 00:50	23.63		14.63
2015/06/07 01:20	23.69		14.18
2015/06/07 01:50	23.73		13.94
2015/06/07 02:20	23.76		13.72
2015/06/07 02:50	23.81		13.23
2015/06/07 03:20	23.81		12.88
2015/06/07 03:50	23.87		12.52
2015/06/07 04:20	23.88		12.27
2015/06/07 04:50	23.92		12.18
2015/06/07 05:20	23.94		11.93
2015/06/07 05:50	23.94		12.05
2015/06/07 06:19	23.97		12.01
2015/06/07 06:49	23.99		12.71
2015/06/07 07:19	24.00		13.74
2015/06/07 07:49	24.04		15.59
2015/06/07 08:19	24.06		16.33
2015/06/07 08:49	24.06		16.31
2015/06/07 09:19	24.11		16.84
2015/06/07 09:49	24.12		16.87
2015/06/07 10:19	24.16		17.72
2015/06/07 10:49	24.18		17.99
2015/06/07 11:19	24.24		18.24
2015/06/07 11:49	24.27		18.76
2015/06/07 12:19	24.31		19.15
2015/06/07 12:49	24.32		19.77
2015/06/07 13:19	24.38		19.99
2015/06/07 13:49	24.43		19.79
2015/06/07 14:19	24.44		19.79
2015/06/07 14:49	24.51		20.05
2015/06/07 15:19	24.56		20.73
2015/06/07 15:49	24.56		20.48
2015/06/07 16:19	24.62		20.45
2015/06/07 16:49	24.66		20.78
2015/06/07 17:19	24.69		20.99
2015/06/07 17:49	24.70		20.83
2015/06/07 18:19	24.72		20.83
2015/06/07 18:49	24.74		20.83
2015/06/07 19:19	24.78		20.65
2015/06/07 19:49	24.80		20.41
2015/06/07 20:19	24.81		20.30
2015/06/07 20:49	24.83		20.14
2015/06/07 21:19	24.83		19.97
2015/06/07 21:49	24.86		20.02
2015/06/07 22:19	24.82		19.98
2015/06/07 22:49	24.83		19.95
2015/06/07 23:19	24.86		19.87
2015/06/07 23:49	24.82		19.85
2015/06/08 00:19	24.83		19.71
2015/06/08 00:49	24.81		19.49
2015/06/08 01:19	24.77		19.11
2015/06/08 01:48	24.76		18.93
2015/06/08 02:18	24.75		18.42
2015/06/08 02:48	24.74		17.90
2015/06/08 03:18	24.69		16.61
2015/06/08 03:48	24.63		16.26
2015/06/08 04:18	24.61		15.90
2015/06/08 04:48	24.55		15.66
2015/06/08 05:18	24.49		15.30
2015/06/08 05:48	24.42		15.13
2015/06/08 06:18	24.36		14.95
2015/06/08 06:48	24.26		14.87
2015/06/08 07:18	24.19		14.79
2015/06/08 07:48	24.19		14.89
2015/06/08 08:18	24.12		15.13
2015/06/08 08:48	24.06		15.14
2015/06/08 09:18	24.01		14.97
2015/06/08 09:48	23.94		14.80
2015/06/08 10:18	23.86		15.02
2015/06/08 10:48	23.79		15.39
2015/06/08 11:18	23.69		15.73
2015/06/08 11:48	23.62		16.01
2015/06/08 12:18	23.60		15.68
2015/06/08 12:48	23.56		15.65
2015/06/08 13:18	23.53		15.49
2015/06/08 13:48	23.50		15.74
2015/06/08 14:18	23.54		15.99
2015/06/08 14:48	23.49		16.87
2015/06/08 15:18	23.49		17.46
2015/06/08 15:48	23.49		17.81
2015/06/08 16:18	23.56		18.76
2015/06/08 16:48	23.56		19.35
2015/06/08 17:18	23.61		19.86
2015/06/08 17:48	23.62		19.71
2015/06/08 18:18	23.63		19.79
2015/06/08 18:48	23.67		20.31
2015/06/08 19:18	23.69		20.46
2015/06/08 19:48	23.69		20.33
2015/06/08 20:18	23.74		20.20
2015/06/08 20:47	23.75		19.96
2015/06/08 21:17	23.79		19.81
2015/06/08 21:47	23.81		19.66
2015/06/08 22:17	23.86		19.54
2015/06/08 22:47	23.87		19.36
2015/06/08 23:17	23.93		19.25
2015/06/08 23:47	23.96		19.11
2015/06/09 00:17	24.00		18.99
2015/06/09 00:47	24.04		18.89
2015/06/09 01:17	24.08		18.76
2015/06/09 01:47	24.13		18.64
2015/06/09 02:17	24.19		18.51
2015/06/09 02:47	24.24		18.42
2015/06/09 03:17	24.31		18.33
2015/06/09 03:47	24.36		18.23
2015/06/09 04:17	24.41		18.07
2015/06/09 04:47	24.43		17.87
2015/06/09 05:17	24.49		17.73
2015/06/09 05:47	24.54		17.72
2015/06/09 06:17	24.62		17.80
2015/06/09 06:47	24.62		17.87
2015/06/09 07:17	24.68		17.89
2015/06/09 07:47	24.75		17.98
2015/06/09 08:17	24.79		18.07
2015/06/09 08:47	24.86		18.14
2015/06/09 09:17	24.88		18.33
2015/06/09 09:47	24.94		18.50
2015/06/09 10:17	24.98		18.74
2015/06/09 10:47	25.04		19.09
2015/06/09 11:17	25.06		19.36
2015/06/09 11:47	25.12		19.62
2015/06/09 12:17	25.18		19.94
2015/06/09 12:47	25.21		20.11
2015/06/09 13:17	25.29		20.31
2015/06/09 13:47	25.32		20.58
2015/06/09 14:17	25.41		20.81
2015/06/09 14:47	25.44		20.83
2015/06/09 15:17	25.54		20.83
2015/06/09 15:47	25.58		20.82
2015/06/09 16:16	25.67		20.82
2015/06/09 16:46	25.72		20.83
2015/06/09 17:16	25.75		20.48
2015/06/09 17:46	25.81		19.56
2015/06/09 18:16	25.86		19.02
2015/06/09 18:46	25.88		18.68
2015/06/09 19:16	25.93		18.33
2015/06/09 19:46	25.98		18.24
2015/06/09 20:16	26.00		18.33
2015/06/09 20:46	26.06		18.37
2015/06/09 21:16	26.11		18.25
2015/06/09 21:46	26.12		17.62
2015/06/09 22:16	26.17		17.12
2015/06/09 22:46	26.20		16.80
2015/06/09 23:16	26.24		16.69
2015/06/09 23:46	26.25		16.75
2015/06/10 00:16	26.32		16.88
2015/06/10 00:46	26.37		16.96
2015/06/10 01:16	26.39		17.02
2015/06/10 01:46	26.44		17.04
2015/06/10 02:16	26.49		17.04
2015/06/10 02:46	26.50		17.04
2015/06/10 03:16	26.54		17.04
2015/06/10 03:46	26.57		17.04
2015/06/10 04:16	26.62		16.96
2015/06/10 04:46	26.66		16.79
2015/06/10 05:16	26.68		16.70
2015/06/10 05:46	26.71		16.71
2015/06/10 06:16	26.74		16.68
2015/06/10 06:46	26.75		16.70
2015/06/10 07:16	26.81		17.02
2015/06/10 07:46	26.81		18.07
2015/06/10 08:16	26.86		19.10
2015/06/10 08:46	26.91		19.48
2015/06/10 09:16	26.93		19.86
2015/06/10 09:46	26.96		19.45
2015/06/10 10:16	27.00		19.36
2015/06/10 10:46	27.05		19.11
2015/06/10 11:15	27.11		19.33
2015/06/10 11:45	27.16		19.56
2015/06/10 12:15	27.20		20.01
2015/06/10 12:45	27.24		20.14
2015/06/10 13:15	27.31		20.40
2015/06/10 13:45	27.36		20.70
2015/06/10 14:15	27.41		21.15
2015/06/10 14:45	27.44		21.13
2015/06/10 15:15	27.49		21.30
2015/06/10 15:45	27.53		21.49
2015/06/10 16:15	27.57		21.68
2015/06/10 16:45	27.62		22.02
2015/06/10 17:15	27.68		21.91
2015/06/10 17:45	27.69		22.01
2015/06/10 18:15	27.74		21.96
2015/06/10 18:45	27.75		22.03
2015/06/10 19:15	27.81		21.93
2015/06/10 19:45	27.83		21.69
2015/06/10 20:15	27.88		21.00
2015/06/10 20:45	27.92		20.45
2015/06/10 21:15	27.95		19.96
2015/06/10 21:45	27.98		19.51
2015/06/10 22:15	27.99		19.26
2015/06/10 22:45	27.99		19.11
2015/06/10 23:15	27.98		19.19
2015/06/10 23:45	28.03		19.26
2015/06/11 00:15	28.07		19.21
2015/06/11 00:45	28.13		19.10
2015/06/11 01:15	28.17		19.26
2015/06/11 01:45	28.19		19.28
2015/06/11 02:15	28.19		19.26
2015/06/11 02:45	28.19		19.14
2015/06/11 03:15	28.20		19.03
2015/06/11 03:45	28.24		18.76
2015/06/11 04:15	28.25		18.57
2015/06/11 04:45	28.25		18.25
2015/06/11 05:15	28.29		17.99
2015/06/11 05:45	28.31		17.73
2015/06/11 06:15	28.31		17.39
2015/06/11 06:44	28.31		17.21
2015/06/11 07:14	28.32		17.00
2015/06/11 07:44	28.32		16.85
2015/06/11 08:14	28.36		16.76
2015/06/11 08:44	28.36		16.70
2015/06/11 09:14	28.37		16.84
2015/06/11 09:44	28.38		16.86
2015/06/11 10:14	28.41		16.96
2015/06/11 10:44	28.38		17.19
2015/06/11 11:14	28.38		17.38
2015/06/11 11:44	28.38		17.54
2015/06/11 12:14	28.41		17.61
2015/06/11 12:44	28.38		18.25
2015/06/11 13:14	28.42		18.77
2015/06/11 13:44	28.42		19.26
2015/06/11 14:14	28.44		19.45
2015/06/11 14:44	28.44		19.88
2015/06/11 15:14	28.44		20.30
2015/06/11 15:44	28.44		20.14
2015/06/11 16:14	28.44		20.40
2015/06/11 16:44	28.44		20.65
2015/06/11 17:14	28.45		20.83
2015/06/11 17:44	28.46		20.80
2015/06/11 18:14	28.48		20.83
2015/06/11 18:44	28.49		21.00
2015/06/11 19:14	28.47		20.85
2015/06/11 19:44	28.47		20.83
2015/06/11 20:14	28.48		20.73
2015/06/11 20:44	28.49		20.53
2015/06/11 21:14	28.49		20.35
2015/06/11 21:44	28.47		20.21
2015/06/11 22:14	28.48		20.04
2015/06/11 22:44	28.47		19.82
2015/06/11 23:14	28.49		19.62
2015/06/11 23:44	28.50		19.52
2015/06/12 00:14	28.49		19.36
2015/06/12 00:44	28.50		19.36
2015/06/12 01:14	28.50		19.18
2015/06/12 01:44	28.50		19.11
2015/06/12 02:13	28.53		19.11
2015/06/12 02:43	28.55		18.85
2015/06/12 03:13	28.57		18.76
2015/06/12 03:43	28.56		18.66
2015/06/12 04:13	28.56		18.48
2015/06/12 04:43	28.60		18.42
2015/06/12 05:13	28.61		18.32
2015/06/12 05:43	28.61		18.33
2015/06/12 06:13	28.62		18.38
2015/06/12 06:43	28.62		18.41
2015/06/12 07:13	28.62		18.48
2015/06/12 07:43	28.66		18.74
2015/06/12 08:13	28.67		19.12
2015/06/12 08:43	28.68		19.61
2015/06/12 09:13	28.69		19.70
2015/06/12 09:43	28.69		19.81
2015/06/12 10:13	28.72		20.19
2015/06/12 10:43	28.74		20.40
2015/06/12 11:13	28.76		20.61
2015/06/12 11:43	28.79		20.56
2015/06/12 12:13	28.81		20.60
2015/06/12 12:43	28.81		20.47
2015/06/12 13:13	28.86		20.31
2015/06/12 13:43	28.88		20.30
2015/06/12 14:13	28.91		20.15
2015/06/12 14:43	28.93		20.05
2015/06/12 15:13	28.94		19.87
2015/06/12 15:43	28.97		19.86
2015/06/12 16:13	28.99		19.87
2015/06/12 16:43	29.00		19.79
2015/06/12 17:13	29.00		19.58
2015/06/12 17:43	29.00		19.42
2015/06/12 18:13	29.01		19.15
2015/06/12 18:43	29.04		18.66
2015/06/12 19:13	29.04		18.33
2015/06/12 19:43	29.04		18.33
2015/06/12 20:13	29.04		18.22
2015/06/12 20:43	29.01		17.99
2015/06/12 21:13	28.99		17.70
2015/06/12 21:42	28.95		17.39
2015/06/12 22:12	28.94		16.95
2015/06/12 22:42	28.92		16.62
2015/06/12 23:12	28.88		16.44
2015/06/12 23:42	28.86		16.24
2015/06/13 00:12	28.86		16.17
2015/06/13 00:42	28.81		16.18
2015/06/13 01:12	28.81		16.02
2015/06/13 01:42	28.81		16.00
2015/06/13 02:12	28.79		15.72
2015/06/13 02:42	28.75		15.66
2015/06/13 03:12	28.74		15.50
2015/06/13 03:42	28.75		15.55
2015/06/13 04:12	28.70		15.46
2015/06/13 04:42	28.69		15.37
2015/06/13 05:12	28.69		15.32
2015/06/13 05:42	28.67		15.23
2015/06/13 06:12	28.62		15.32
2015/06/13 06:42	28.62		15.65
2015/06/13 07:12	28.62		16.19
2015/06/13 07:42	28.61		17.39
2015/06/13 08:12	28.61		18.31
2015/06/13 08:42	28.57		18.76
2015/06/13 09:12	28.56		19.19
2015/06/13 09:42	28.56		19.62
2015/06/13 10:12	28.56		19.86
2015/06/13 10:42	28.55		19.93
2015/06/13 11:12	28.56		20.13
2015/06/13 11:42	28.56		20.28
2015/06/13 12:12	28.57		20.73
2015/06/13 12:42	28.59		21.17
2015/06/13 13:12	28.61		21.49
2015/06/13 13:42	28.63		22.12
2015/06/13 14:12	28.63		22.21
2015/06/13 14:42	28.63		22.37
2015/06/13 15:12	28.56		23.16
2015/06/13 15:42	28.49		23.94
2015/06/13 16:12	28.43		24.04
2015/06/13 16:42	28.33		24.62
2015/06/13 17:12	28.29		24.84
2015/06/13 17:41	28.18		24.56
2015/06/13 18:11	28.12		24.28
2015/06/13 18:41	28.06		23.94
2015/06/13 19:11	27.99		23.60
2015/06/13 19:41	27.94		23.38
2015/06/13 20:11	27.92		22.85
2015/06/13 20:41	27.88		22.38
2015/06/13 21:11	27.88		21.86
2015/06/13 21:41	27.88		21.41
2015/06/13 22:11	27.91		21.00
2015/06/13 22:41	27.92		20.65
2015/06/13 23:11	27.93		20.14
2015/06/13 23:41	27.94		19.71
2015/06/14 00:11	27.98		19.19
2015/06/14 00:41	28.01		18.76
2015/06/14 01:11	28.03		18.59
2015/06/14 01:41	28.05		18.24
2015/06/14 02:11	28.06		17.90
2015/06/14 02:41	28.07		17.70
2015/06/14 03:11	28.12		17.22
2015/06/14 03:41	28.11		16.71
2015/06/14 04:11	28.12		16.35
2015/06/14 04:41	28.11		16.02
2015/06/14 05:11	28.11		15.92
2015/06/14 05:41	28.07		15.68
2015/06/14 06:11	28.07		15.67
2015/06/14 06:41	28.06		15.82
2015/06/14 07:11	28.06		15.83
2015/06/14 07:41	28.04		16.18
2015/06/14 08:11	27.97		17.02
2015/06/14 08:41	27.87		17.21
2015/06/14 09:11	27.74		17.82
2015/06/14 09:41	27.69		18.59
2015/06/14 10:11	27.61		18.75
2015/06/14 10:41	27.49		19.36
2015/06/14 11:11	27.38		19.72
2015/06/14 11:41	27.25		20.31
2015/06/14 12:11	27.12		20.63
2015/06/14 12:40	27.06		20.47
2015/06/14 13:10	26.95		20.62
2015/06/14 13:40	26.93		21.07
2015/06/14 14:10	26.87		20.83
2015/06/14 14:40	26.82		21.27
2015/06/14 15:10	26.81		21.78
2015/06/14 15:40	26.79		22.06
2015/06/14 16:10	26.75		22.38
2015/06/14 16:40	26.68		22.20
2015/06/14 17:10	26.68		22.37
2015/06/14 17:40	26.66		22.47
2015/06/14 18:10	26.62		22.19
2015/06/14 18:40	26.57		21.86
2015/06/14 19:10	26.55		21.47
2015/06/14 19:40	26.54		21.22
2015/06/14 20:10	26.54		20.84
2015/06/14 20:40	26.49		20.65
2015/06/14 21:10	26.48		20.55
2015/06/14 21:40	26.43		20.39
2015/06/14 22:10	26.42		20.14
2015/06/14 22:40	26.44		19.97
2015/06/14 23:10	26.42		19.79
2015/06/14 23:40	26.42		19.60
2015/06/15 00:10	26.43		19.28
2015/06/15 00:40	26.44		19.09
2015/06/15 01:10	26.44		18.93
2015/06/15 01:40	26.44		18.76
2015/06/15 02:10	26.43		18.60
2015/06/15 02:40	26.44		18.49
2015/06/15 03:10	26.44		18.47
2015/06/15 03:40	26.47		18.24
2015/06/15 04:10	26.49		18.24
2015/06/15 04:40	26.49		17.73
2015/06/15 05:10	26.48		17.39
2015/06/15 05:40	26.48		17.55
2015/06/15 06:10	26.50		17.54
2015/06/15 06:40	26.52		17.37
2015/06/15 07:09	26.49		17.56
2015/06/15 07:39	26.49		17.78
2015/06/15 08:09	26.50		17.64
2015/06/15 08:39	26.49		17.70
2015/06/15 09:09	26.49		18.38
2015/06/15 09:39	26.49		19.11
2015/06/15 10:09	26.54		19.78
2015/06/15 10:39	26.60		20.47
2015/06/15 11:09	26.67		20.71
2015/06/15 11:39	26.74		20.65
2015/06/15 12:09	26.81		20.97
2015/06/15 12:39	26.88		21.17
2015/06/15 13:09	26.94		20.97
2015/06/15 13:39	27.04		21.16
2015/06/15 14:09	27.11		21.51
2015/06/15 14:39	27.19		21.08
2015/06/15 15:09	27.24		20.83
2015/06/15 15:39	27.31		20.80
2015/06/15 16:09	27.37		20.73
2015/06/15 16:39	27.42		20.90
2015/06/15 17:09	27.46		20.82
2015/06/15 17:39	27.50		20.75
2015/06/15 18:09	27.54		20.48
2015/06/15 18:39	27.56		20.46
2015/06/15 19:09	27.58		20.38
2015/06/15 19:39	27.61		20.14
2015/06/15 20:09	27.63		19.93
2015/06/15 20:39	27.62		19.61
2015/06/15 21:09	27.68		19.60
2015/06/15 21:39	27.69		19.54
2015/06/15 22:09	27.70		19.45
2015/06/15 22:39	27.74		19.29
2015/06/15 23:09	27.74		19.16
2015/06/15 23:39	27.74		19.11
2015/06/16 00:09	27.76		19.06
2015/06/16 00:39	27.80		18.93
2015/06/16 01:09	27.80		18.80
2015/06/16 01:39	27.80		18.75
2015/06/16 02:08	27.81		18.50
2015/06/16 02:38	27.81		18.42
2015/06/16 03:08	27.81		18.33
2015/06/16 03:38	27.81		18.31
2015/06/16 04:08	27.81		18.34
2015/06/16 04:38	27.82		18.42
2015/06/16 05:08	27.81		18.42
2015/06/16 05:38	27.84		18.33
2015/06/16 06:08	27.85		18.26
2015/06/16 06:38	27.85		18.25
2015/06/16 07:08	27.82		17.93
2015/06/16 07:38	27.83		18.07
2015/06/16 08:08	27.82		18.25
2015/06/16 08:38	27.85		18.59
2015/06/16 09:08	27.83		18.74
2015/06/16 09:38	27.83		18.90
2015/06/16 10:08	27.81		19.02
2015/06/16 10:38	27.82		19.01
2015/06/16 11:08	27.80		18.48
2015/06/16 11:38	27.75		18.64
2015/06/16 12:08	27.75		18.73
2015/06/16 12:38	27.74		18.93
2015/06/16 13:08	27.71		19.34
2015/06/16 13:38	27.69		19.79
2015/06/16 14:08	27.69		20.29
2015/06/16 14:38	27.69		20.72
2015/06/16 15:08	27.70		20.83
2015/06/16 15:38	27.69		20.67
2015/06/16 16:08	27.69		20.65
2015/06/16 16:38	27.68		19.97
2015/06/16 17:08	27.67		20.73
2015/06/16 17:38	27.68		20.83
2015/06/16 18:08	27.67		20.25
2015/06/16 18:38	27.62		19.33
2015/06/16 19:08	27.62		19.45
2015/06/16 19:38	27.61		19.52
2015/06/16 20:08	27.62		19.45
2015/06/16 20:38	27.61		19.36
2015/06/16 21:07	27.61		18.75
2015/06/16 21:37	27.61		18.13
2015/06/16 22:07	27.58		17.46
2015/06/16 22:37	27.56		16.96
2015/06/16 23:07	27.55		16.42
2015/06/16 23:37	27.54		15.75
2015/06/17 00:07	27.51		15.47
2015/06/17 00:37	27.51		14.99
2015/06/17 01:07	27.50		14.58
2015/06/17 01:37	27.51		14.60
2015/06/17 02:07	27.49		14.25
2015/06/17 02:37	27.49		13.84
2015/06/17 03:07	27.47		13.45
2015/06/17 03:37	27.47		13.23
2015/06/17 04:07	27.44		13.14
2015/06/17 04:37	27.44		12.78
2015/06/17 05:07	27.41		12.53
2015/06/17 05:37	27.38		12.52
2015/06/17 06:07	27.37		12.70
2015/06/17 06:37	27.31		13.05
2015/06/17 07:07	27.30		13.58
2015/06/17 07:37	27.26		14.61
2015/06/17 08:07	27.19		15.32
2015/06/17 08:37	27.17		15.66
2015/06/17 09:07	27.11		16.35
2015/06/17 09:37	27.06		16.35
2015/06/17 10:07	26.99		16.70
2015/06/17 10:37	26.92		16.71
2015/06/17 11:07	26.88		16.86
2015/06/17 11:37	26.81		17.39
2015/06/17 12:07	26.74		17.39
2015/06/17 12:37	26.74		17.73
2015/06/17 13:07	26.68		17.90
2015/06/17 13:37	26.66		18.30
2015/06/17 14:07	26.61		18.42
2015/06/17 14:37	26.57		18.65
2015/06/17 15:07	26.56		19.27
2015/06/17 15:37	26.56		19.89
2015/06/17 16:06	26.52		19.95
2015/06/17 16:36	26.50		20.40
2015/06/17 17:06	26.44		20.74
2015/06/17 17:36	26.44		20.82
2015/06/17 18:06	26.44		20.41
2015/06/17 18:36	26.45		20.22
2015/06/17 19:06	26.47		20.40
2015/06/17 19:36	26.49		20.28
2015/06/17 20:06	26.48		19.95
2015/06/17 20:36	26.48		19.54
2015/06/17 21:06	26.48		19.28
2015/06/17 21:36	26.46		18.97
2015/06/17 22:06	26.45		18.32
2015/06/17 22:36	26.44		18.50
2015/06/17 23:06	26.44		18.13
2015/06/17 23:36	26.44		17.99
2015/06/18 00:06	26.44		17.91
2015/06/18 00:36	26.43		17.73
2015/06/18 01:06	26.42		17.56
2015/06/18 01:36	26.41		17.63
2015/06/18 02:06	26.37		17.56
2015/06/18 02:36	26.37		17.56
2015/06/18 03:06	26.37		17.63
2015/06/18 03:36	26.36		17.72
2015/06/18 04:06	26.35		17.39
2015/06/18 04:36	26.32		17.29
2015/06/18 05:06	26.31		17.12
2015/06/18 05:36	26.30		16.99
2015/06/18 06:06	26.29		16.86
2015/06/18 06:36	26.28		17.02
2015/06/18 07:06	26.29		17.06
2015/06/18 07:36	26.27		19.87
2015/06/18 08:06	26.29		19.09
2015/06/18 08:36	26.25		19.69
2015/06/18 09:06	26.26		20.14
2015/06/18 09:36	26.27		21.00
2015/06/18 10:06	26.26		21.49
2015/06/18 10:36	26.28		21.77
2015/06/18 11:05	26.29		22.02
2015/06/18 11:35	26.30		22.45
2015/06/18 12:05	26.31		22.82
2015/06/18 12:35	26.30		23.39
2015/06/18 13:05	26.34		23.60
2015/06/18 13:35	26.37		24.11
2015/06/18 14:05	26.37		24.41
2015/06/18 14:35	26.43		24.82
2015/06/18 15:05	26.44		24.74
2015/06/18 15:35	26.49		25.26
2015/06/18 16:05	26.54		25.52
2015/06/18 16:35	26.56		25.26
2015/06/18 17:05	26.58		25.44
2015/06/18 17:35	26.62		25.18
2015/06/18 18:05	26.67		25.09
2015/06/18 18:35	26.69		25.15
2015/06/18 19:05	26.74		24.74
2015/06/18 19:35	26.80		24.52
2015/06/18 20:05	26.81		24.21
2015/06/18 20:35	26.82		23.76
2015/06/18 21:05	26.88		23.43
2015/06/18 21:35	26.88		22.10
2015/06/18 22:05	26.92		21.18
2015/06/18 22:35	26.92		20.73
2015/06/18 23:05	26.93		20.57
2015/06/18 23:35	26.93		20.31
2015/06/19 00:05	26.94		20.33
2015/06/19 00:35	26.95		20.13
2015/06/19 01:05	26.99		20.04
2015/06/19 01:35	26.97		19.79
2015/06/19 02:05	27.00		19.62
2015/06/19 02:35	26.99		19.29
2015/06/19 03:05	26.99		19.11
2015/06/19 03:35	26.94		16.59
2015/06/19 04:05	26.93		15.72
2015/06/19 04:35	26.88		15.30
2015/06/19 05:05	26.83		14.27
2015/06/19 05:35	26.81		13.76
2015/06/19 06:05	26.73		13.05
2015/06/19 06:35	26.63		12.53
2015/06/19 07:04	26.57		12.43
2015/06/19 07:34	26.48		13.29
2015/06/19 08:04	26.36		13.41
2015/06/19 08:34	26.25		13.23
2015/06/19 09:04	26.14		13.93
2015/06/19 09:34	26.06		14.51
2015/06/19 10:04	25.95		14.80
2015/06/19 10:34	25.81		15.05
2015/06/19 11:04	25.70		15.33
2015/06/19 11:34	25.61		15.80
2015/06/19 12:04	25.49		16.02
2015/06/19 12:34	25.39		16.60
2015/06/19 13:04	25.31		16.95
2015/06/19 13:34	25.19		17.10
2015/06/19 14:04	25.12		17.78
2015/06/19 14:34	25.04		18.43
2015/06/19 15:04	25.01		18.68
2015/06/19 15:34	24.93		19.09
2015/06/19 16:04	24.94		18.92
2015/06/19 16:34	24.93		19.11
2015/06/19 17:04	24.94		19.36
2015/06/19 17:34	24.94		19.66
2015/06/19 18:04	24.93		20.01
2015/06/19 18:34	24.94		20.20
2015/06/19 19:04	24.92		20.05
2015/06/19 19:34	24.93		19.96
2015/06/19 20:04	24.91		19.71
2015/06/19 20:34	24.94		19.60
2015/06/19 21:04	24.93		19.19
2015/06/19 21:34	24.92		18.91
2015/06/19 22:04	24.93		18.62
2015/06/19 22:34	24.93		18.25
2015/06/19 23:04	24.92		17.80
2015/06/19 23:34	24.94		17.39
2015/06/20 00:04	24.92		17.07
2015/06/20 00:34	24.94		16.41
2015/06/20 01:04	24.94		16.01
2015/06/20 01:34	24.93		15.79
2015/06/20 02:04	24.94		15.38
2015/06/20 02:34	24.94		15.21
2015/06/20 03:04	24.94		14.63
2015/06/20 03:33	24.93		14.63
2015/06/20 04:03	24.93		14.50
2015/06/20 04:33	24.93		14.28
2015/06/20 05:03	24.92		13.93
2015/06/20 05:33	24.88		14.23
2015/06/20 06:03	24.88		14.17
2015/06/20 06:33	24.88		14.19
2015/06/20 07:03	24.88		14.71
2015/06/20 07:33	24.87		16.07
2015/06/20 08:03	24.86		17.76
2015/06/20 08:33	24.87		18.41
2015/06/20 09:03	24.86		18.76
2015/06/20 09:33	24.87		19.34
2015/06/20 10:03	24.88		19.77
2015/06/20 10:33	24.88		19.87
2015/06/20 11:03	24.88		20.10
2015/06/20 11:33	24.92		20.55
2015/06/20 12:03	24.93		20.47
2015/06/20 12:33	24.94		20.55
2015/06/20 13:03	24.97		20.90
2015/06/20 13:33	24.95		21.11
2015/06/20 14:03	24.99		21.43
2015/06/20 14:33	24.99		21.77
2015/06/20 15:03	24.99		22.09
2015/06/20 15:33	25.01		22.54
2015/06/20 16:03	25.05		22.69
2015/06/20 16:33	25.06		23.38
2015/06/20 17:03	25.06		23.40
2015/06/20 17:33	25.06		23.41
2015/06/20 18:03	25.08		23.37
2015/06/20 18:33	25.10		23.25
2015/06/20 19:03	25.12		23.06
2015/06/20 19:33	25.17		22.95
2015/06/20 20:03	25.17		22.90
2015/06/20 20:33	25.18		22.73
2015/06/20 21:03	25.19		22.47
2015/06/20 21:33	25.19		22.12
2015/06/20 22:02	25.18		21.67
2015/06/20 22:32	25.17		21.43
2015/06/20 23:02	25.17		21.09
2015/06/20 23:32	25.13		20.83
2015/06/21 00:02	25.13		21.01
2015/06/21 00:32	25.12		21.24
2015/06/21 01:02	25.13		21.07
2015/06/21 01:32	25.18		20.82
2015/06/21 02:02	25.17		20.65
2015/06/21 02:32	25.18		20.48
2015/06/21 03:02	25.19		20.29
2015/06/21 03:32	25.19		20.22
2015/06/21 04:02	25.23		20.20
2015/06/21 04:32	25.24		20.14
2015/06/21 05:02	25.25		20.04
2015/06/21 05:32	25.26		20.13
2015/06/21 06:02	25.29		20.14
2015/06/21 06:32	25.31		20.28
2015/06/21 07:02	25.31		20.28
2015/06/21 07:32	25.33		20.12
2015/06/21 08:02	25.35		20.36
2015/06/21 08:32	25.38		20.98
2015/06/21 09:02	25.38		21.16
2015/06/21 09:32	25.42		21.34
2015/06/21 10:02	25.43		21.58
2015/06/21 10:32	25.44		22.12
2015/06/21 11:02	25.48		22.14
2015/06/21 11:32	25.49		22.45
2015/06/21 12:02	25.52		22.81
2015/06/21 12:32	25.54		22.90
2015/06/21 13:02	25.56		23.08
2015/06/21 13:32	25.56		23.07
2015/06/21 14:02	25.55		23.16
2015/06/21 14:32	25.56		22.99
2015/06/21 15:02	25.57		22.43
2015/06/21 15:32	25.61		22.45
2015/06/21 16:02	25.58		22.57
2015/06/21 16:31	25.56		22.99
